[2020-07-08 05:48:51] local.ERROR: exception 'ErrorException' with message 'Undefined variable: invoice' in D:\xampp\htdocs\comco\ver88_dinesh\app\Http\Controllers\sales\AccessoriesController.php:380
Stack trace:
#0 D:\xampp\htdocs\comco\ver88_dinesh\app\Http\Controllers\sales\AccessoriesController.php(380): Illuminate\Foundation\Bootstrap\HandleExceptions->handleError(8, 'Undefined varia...', 'D:\\xampp\\htdocs...', 380, Array)
#1 [internal function]: App\Http\Controllers\sales\AccessoriesController->orderconfirm()
#2 D:\xampp\htdocs\comco\ver88_dinesh\vendor\compiled.php(8287): call_user_func_array(Array, Array)
#3 D:\xampp\htdocs\comco\ver88_dinesh\vendor\compiled.php(8354): Illuminate\Routing\Controller->callAction('orderconfirm', Array)
#4 D:\xampp\htdocs\comco\ver88_dinesh\vendor\compiled.php(8333): Illuminate\Routing\ControllerDispatcher->call(Object(App\Http\Controllers\sales\AccessoriesController), Object(Illuminate\Routing\Route), 'orderconfirm')
#5 [internal function]: Illuminate\Routing\ControllerDispatcher->Illuminate\Routing\{closure}(Object(Illuminate\Http\Request))
#6 D:\xampp\htdocs\comco\ver88_dinesh\vendor\compiled.php(8952): call_user_func(Object(Closure), Object(Illuminate\Http\Request))
#7 D:\xampp\htdocs\comco\ver88_dinesh\app\Http\Middleware\SalesAuthenticate.php(41): Illuminate\Pipeline\Pipeline->Illuminate\Pipeline\{closure}(Object(Illuminate\Http\Request))
#8 D:\xampp\htdocs\comco\ver88_dinesh\vendor\compiled.php(8944): App\Http\Middleware\SalesAuthenticate->handle(Object(Illuminate\Http\Request), Object(Closure))
#9 [internal function]: Illuminate\Pipeline\Pipeline->Illuminate\Pipeline\{closure}(Object(Illuminate\Http\Request))
#10 D:\xampp\htdocs\comco\ver88_dinesh\vendor\compiled.php(8935): call_user_func(Object(Closure), Object(Illuminate\Http\Request))
#11 D:\xampp\htdocs\comco\ver88_dinesh\vendor\compiled.php(8334): Illuminate\Pipeline\Pipeline->then(Object(Closure))
#12 D:\xampp\htdocs\comco\ver88_dinesh\vendor\compiled.php(8320): Illuminate\Routing\ControllerDispatcher->callWithinStack(Object(App\Http\Controllers\sales\AccessoriesController), Object(Illuminate\Routing\Route), Object(Illuminate\Http\Request), 'orderconfirm')
#13 D:\xampp\htdocs\comco\ver88_dinesh\vendor\compiled.php(7317): Illuminate\Routing\ControllerDispatcher->dispatch(Object(Illuminate\Routing\Route), Object(Illuminate\Http\Request), 'App\\Http\\Contro...', 'orderconfirm')
#14 D:\xampp\htdocs\comco\ver88_dinesh\vendor\compiled.php(7288): Illuminate\Routing\Route->runWithCustomDispatcher(Object(Illuminate\Http\Request))
#15 D:\xampp\htdocs\comco\ver88_dinesh\vendor\compiled.php(6954): Illuminate\Routing\Route->run(Object(Illuminate\Http\Request))
#16 [internal function]: Illuminate\Routing\Router->Illuminate\Routing\{closure}(Object(Illuminate\Http\Request))
#17 D:\xampp\htdocs\comco\ver88_dinesh\vendor\compiled.php(8952): call_user_func(Object(Closure), Object(Illuminate\Http\Request))
#18 [internal function]: Illuminate\Pipeline\Pipeline->Illuminate\Pipeline\{closure}(Object(Illuminate\Http\Request))
#19 D:\xampp\htdocs\comco\ver88_dinesh\vendor\compiled.php(8935): call_user_func(Object(Closure), Object(Illuminate\Http\Request))
#20 D:\xampp\htdocs\comco\ver88_dinesh\vendor\compiled.php(6955): Illuminate\Pipeline\Pipeline->then(Object(Closure))
#21 D:\xampp\htdocs\comco\ver88_dinesh\vendor\compiled.php(6944): Illuminate\Routing\Router->runRouteWithinStack(Object(Illuminate\Routing\Route), Object(Illuminate\Http\Request))
#22 D:\xampp\htdocs\comco\ver88_dinesh\vendor\compiled.php(6929): Illuminate\Routing\Router->dispatchToRoute(Object(Illuminate\Http\Request))
#23 D:\xampp\htdocs\comco\ver88_dinesh\vendor\compiled.php(1935): Illuminate\Routing\Router->dispatch(Object(Illuminate\Http\Request))
#24 [internal function]: Illuminate\Foundation\Http\Kernel->Illuminate\Foundation\Http\{closure}(Object(Illuminate\Http\Request))
#25 D:\xampp\htdocs\comco\ver88_dinesh\vendor\compiled.php(8952): call_user_func(Object(Closure), Object(Illuminate\Http\Request))
#26 D:\xampp\htdocs\comco\ver88_dinesh\vendor\compiled.php(12083): Illuminate\Pipeline\Pipeline->Illuminate\Pipeline\{closure}(Object(Illuminate\Http\Request))
#27 D:\xampp\htdocs\comco\ver88_dinesh\vendor\compiled.php(8944): Illuminate\View\Middleware\ShareErrorsFromSession->handle(Object(Illuminate\Http\Request), Object(Closure))
#28 D:\xampp\htdocs\comco\ver88_dinesh\vendor\compiled.php(10785): Illuminate\Pipeline\Pipeline->Illuminate\Pipeline\{closure}(Object(Illuminate\Http\Request))
#29 D:\xampp\htdocs\comco\ver88_dinesh\vendor\compiled.php(8944): Illuminate\Session\Middleware\StartSession->handle(Object(Illuminate\Http\Request), Object(Closure))
#30 D:\xampp\htdocs\comco\ver88_dinesh\vendor\compiled.php(11789): Illuminate\Pipeline\Pipeline->Illuminate\Pipeline\{closure}(Object(Illuminate\Http\Request))
#31 D:\xampp\htdocs\comco\ver88_dinesh\vendor\compiled.php(8944): Illuminate\Cookie\Middleware\AddQueuedCookiesToResponse->handle(Object(Illuminate\Http\Request), Object(Closure))
#32 D:\xampp\htdocs\comco\ver88_dinesh\vendor\compiled.php(11738): Illuminate\Pipeline\Pipeline->Illuminate\Pipeline\{closure}(Object(Illuminate\Http\Request))
#33 D:\xampp\htdocs\comco\ver88_dinesh\vendor\compiled.php(8944): Illuminate\Cookie\Middleware\EncryptCookies->handle(Object(Illuminate\Http\Request), Object(Closure))
#34 D:\xampp\htdocs\comco\ver88_dinesh\vendor\compiled.php(2478): Illuminate\Pipeline\Pipeline->Illuminate\Pipeline\{closure}(Object(Illuminate\Http\Request))
#35 D:\xampp\htdocs\comco\ver88_dinesh\vendor\compiled.php(8944): Illuminate\Foundation\Http\Middleware\CheckForMaintenanceMode->handle(Object(Illuminate\Http\Request), Object(Closure))
#36 [internal function]: Illuminate\Pipeline\Pipeline->Illuminate\Pipeline\{closure}(Object(Illuminate\Http\Request))
#37 D:\xampp\htdocs\comco\ver88_dinesh\vendor\compiled.php(8935): call_user_func(Object(Closure), Object(Illuminate\Http\Request))
#38 D:\xampp\htdocs\comco\ver88_dinesh\vendor\compiled.php(1891): Illuminate\Pipeline\Pipeline->then(Object(Closure))
#39 D:\xampp\htdocs\comco\ver88_dinesh\vendor\compiled.php(1880): Illuminate\Foundation\Http\Kernel->sendRequestThroughRouter(Object(Illuminate\Http\Request))
#40 D:\xampp\htdocs\comco\ver88_dinesh\index.php(53): Illuminate\Foundation\Http\Kernel->handle(Object(Illuminate\Http\Request))
#41 {main}  
[2020-07-08 05:50:52] local.ERROR: exception 'ErrorException' with message 'Undefined variable: no_invoice' in D:\xampp\htdocs\comco\ver88_dinesh\storage\framework\views\0904fc065e10acbdd3547aecd1334a2f:132
Stack trace:
#0 D:\xampp\htdocs\comco\ver88_dinesh\storage\framework\views\0904fc065e10acbdd3547aecd1334a2f(132): Illuminate\Foundation\Bootstrap\HandleExceptions->handleError(8, 'Undefined varia...', 'D:\\xampp\\htdocs...', 132, Array)
#1 D:\xampp\htdocs\comco\ver88_dinesh\vendor\compiled.php(13650): include('D:\\xampp\\htdocs...')
#2 D:\xampp\htdocs\comco\ver88_dinesh\vendor\compiled.php(13683): Illuminate\View\Engines\PhpEngine->evaluatePath('D:\\xampp\\htdocs...', Array)
#3 D:\xampp\htdocs\comco\ver88_dinesh\vendor\compiled.php(13523): Illuminate\View\Engines\CompilerEngine->get('D:\\xampp\\htdocs...', Array)
#4 D:\xampp\htdocs\comco\ver88_dinesh\vendor\compiled.php(13510): Illuminate\View\View->getContents()
#5 D:\xampp\htdocs\comco\ver88_dinesh\vendor\compiled.php(13501): Illuminate\View\View->renderContents()
#6 D:\xampp\htdocs\comco\ver88_dinesh\vendor\compiled.php(14597): Illuminate\View\View->render()
#7 D:\xampp\htdocs\comco\ver88_dinesh\vendor\compiled.php(14126): Illuminate\Http\Response->setContent(Object(Illuminate\View\View))
#8 D:\xampp\htdocs\comco\ver88_dinesh\vendor\compiled.php(7154): Symfony\Component\HttpFoundation\Response->__construct(Object(Illuminate\View\View))
#9 D:\xampp\htdocs\comco\ver88_dinesh\vendor\compiled.php(6954): Illuminate\Routing\Router->prepareResponse(Object(Illuminate\Http\Request), Object(Illuminate\View\View))
#10 [internal function]: Illuminate\Routing\Router->Illuminate\Routing\{closure}(Object(Illuminate\Http\Request))
#11 D:\xampp\htdocs\comco\ver88_dinesh\vendor\compiled.php(8952): call_user_func(Object(Closure), Object(Illuminate\Http\Request))
#12 [internal function]: Illuminate\Pipeline\Pipeline->Illuminate\Pipeline\{closure}(Object(Illuminate\Http\Request))
#13 D:\xampp\htdocs\comco\ver88_dinesh\vendor\compiled.php(8935): call_user_func(Object(Closure), Object(Illuminate\Http\Request))
#14 D:\xampp\htdocs\comco\ver88_dinesh\vendor\compiled.php(6955): Illuminate\Pipeline\Pipeline->then(Object(Closure))
#15 D:\xampp\htdocs\comco\ver88_dinesh\vendor\compiled.php(6944): Illuminate\Routing\Router->runRouteWithinStack(Object(Illuminate\Routing\Route), Object(Illuminate\Http\Request))
#16 D:\xampp\htdocs\comco\ver88_dinesh\vendor\compiled.php(6929): Illuminate\Routing\Router->dispatchToRoute(Object(Illuminate\Http\Request))
#17 D:\xampp\htdocs\comco\ver88_dinesh\vendor\compiled.php(1935): Illuminate\Routing\Router->dispatch(Object(Illuminate\Http\Request))
#18 [internal function]: Illuminate\Foundation\Http\Kernel->Illuminate\Foundation\Http\{closure}(Object(Illuminate\Http\Request))
#19 D:\xampp\htdocs\comco\ver88_dinesh\vendor\compiled.php(8952): call_user_func(Object(Closure), Object(Illuminate\Http\Request))
#20 D:\xampp\htdocs\comco\ver88_dinesh\vendor\compiled.php(12083): Illuminate\Pipeline\Pipeline->Illuminate\Pipeline\{closure}(Object(Illuminate\Http\Request))
#21 D:\xampp\htdocs\comco\ver88_dinesh\vendor\compiled.php(8944): Illuminate\View\Middleware\ShareErrorsFromSession->handle(Object(Illuminate\Http\Request), Object(Closure))
#22 D:\xampp\htdocs\comco\ver88_dinesh\vendor\compiled.php(10785): Illuminate\Pipeline\Pipeline->Illuminate\Pipeline\{closure}(Object(Illuminate\Http\Request))
#23 D:\xampp\htdocs\comco\ver88_dinesh\vendor\compiled.php(8944): Illuminate\Session\Middleware\StartSession->handle(Object(Illuminate\Http\Request), Object(Closure))
#24 D:\xampp\htdocs\comco\ver88_dinesh\vendor\compiled.php(11789): Illuminate\Pipeline\Pipeline->Illuminate\Pipeline\{closure}(Object(Illuminate\Http\Request))
#25 D:\xampp\htdocs\comco\ver88_dinesh\vendor\compiled.php(8944): Illuminate\Cookie\Middleware\AddQueuedCookiesToResponse->handle(Object(Illuminate\Http\Request), Object(Closure))
#26 D:\xampp\htdocs\comco\ver88_dinesh\vendor\compiled.php(11738): Illuminate\Pipeline\Pipeline->Illuminate\Pipeline\{closure}(Object(Illuminate\Http\Request))
#27 D:\xampp\htdocs\comco\ver88_dinesh\vendor\compiled.php(8944): Illuminate\Cookie\Middleware\EncryptCookies->handle(Object(Illuminate\Http\Request), Object(Closure))
#28 D:\xampp\htdocs\comco\ver88_dinesh\vendor\compiled.php(2478): Illuminate\Pipeline\Pipeline->Illuminate\Pipeline\{closure}(Object(Illuminate\Http\Request))
#29 D:\xampp\htdocs\comco\ver88_dinesh\vendor\compiled.php(8944): Illuminate\Foundation\Http\Middleware\CheckForMaintenanceMode->handle(Object(Illuminate\Http\Request), Object(Closure))
#30 [internal function]: Illuminate\Pipeline\Pipeline->Illuminate\Pipeline\{closure}(Object(Illuminate\Http\Request))
#31 D:\xampp\htdocs\comco\ver88_dinesh\vendor\compiled.php(8935): call_user_func(Object(Closure), Object(Illuminate\Http\Request))
#32 D:\xampp\htdocs\comco\ver88_dinesh\vendor\compiled.php(1891): Illuminate\Pipeline\Pipeline->then(Object(Closure))
#33 D:\xampp\htdocs\comco\ver88_dinesh\vendor\compiled.php(1880): Illuminate\Foundation\Http\Kernel->sendRequestThroughRouter(Object(Illuminate\Http\Request))
#34 D:\xampp\htdocs\comco\ver88_dinesh\index.php(53): Illuminate\Foundation\Http\Kernel->handle(Object(Illuminate\Http\Request))
#35 {main}

Next exception 'ErrorException' with message 'Undefined variable: no_invoice (View: D:\xampp\htdocs\comco\ver88_dinesh\resources\views\sales\order_details.blade.php)' in D:\xampp\htdocs\comco\ver88_dinesh\storage\framework\views\0904fc065e10acbdd3547aecd1334a2f:132
Stack trace:
#0 D:\xampp\htdocs\comco\ver88_dinesh\vendor\compiled.php(13652): Illuminate\View\Engines\CompilerEngine->handleViewException(Object(ErrorException), 1)
#1 D:\xampp\htdocs\comco\ver88_dinesh\vendor\compiled.php(13683): Illuminate\View\Engines\PhpEngine->evaluatePath('D:\\xampp\\htdocs...', Array)
#2 D:\xampp\htdocs\comco\ver88_dinesh\vendor\compiled.php(13523): Illuminate\View\Engines\CompilerEngine->get('D:\\xampp\\htdocs...', Array)
#3 D:\xampp\htdocs\comco\ver88_dinesh\vendor\compiled.php(13510): Illuminate\View\View->getContents()
#4 D:\xampp\htdocs\comco\ver88_dinesh\vendor\compiled.php(13501): Illuminate\View\View->renderContents()
#5 D:\xampp\htdocs\comco\ver88_dinesh\vendor\compiled.php(14597): Illuminate\View\View->render()
#6 D:\xampp\htdocs\comco\ver88_dinesh\vendor\compiled.php(14126): Illuminate\Http\Response->setContent(Object(Illuminate\View\View))
#7 D:\xampp\htdocs\comco\ver88_dinesh\vendor\compiled.php(7154): Symfony\Component\HttpFoundation\Response->__construct(Object(Illuminate\View\View))
#8 D:\xampp\htdocs\comco\ver88_dinesh\vendor\compiled.php(6954): Illuminate\Routing\Router->prepareResponse(Object(Illuminate\Http\Request), Object(Illuminate\View\View))
#9 [internal function]: Illuminate\Routing\Router->Illuminate\Routing\{closure}(Object(Illuminate\Http\Request))
#10 D:\xampp\htdocs\comco\ver88_dinesh\vendor\compiled.php(8952): call_user_func(Object(Closure), Object(Illuminate\Http\Request))
#11 [internal function]: Illuminate\Pipeline\Pipeline->Illuminate\Pipeline\{closure}(Object(Illuminate\Http\Request))
#12 D:\xampp\htdocs\comco\ver88_dinesh\vendor\compiled.php(8935): call_user_func(Object(Closure), Object(Illuminate\Http\Request))
#13 D:\xampp\htdocs\comco\ver88_dinesh\vendor\compiled.php(6955): Illuminate\Pipeline\Pipeline->then(Object(Closure))
#14 D:\xampp\htdocs\comco\ver88_dinesh\vendor\compiled.php(6944): Illuminate\Routing\Router->runRouteWithinStack(Object(Illuminate\Routing\Route), Object(Illuminate\Http\Request))
#15 D:\xampp\htdocs\comco\ver88_dinesh\vendor\compiled.php(6929): Illuminate\Routing\Router->dispatchToRoute(Object(Illuminate\Http\Request))
#16 D:\xampp\htdocs\comco\ver88_dinesh\vendor\compiled.php(1935): Illuminate\Routing\Router->dispatch(Object(Illuminate\Http\Request))
#17 [internal function]: Illuminate\Foundation\Http\Kernel->Illuminate\Foundation\Http\{closure}(Object(Illuminate\Http\Request))
#18 D:\xampp\htdocs\comco\ver88_dinesh\vendor\compiled.php(8952): call_user_func(Object(Closure), Object(Illuminate\Http\Request))
#19 D:\xampp\htdocs\comco\ver88_dinesh\vendor\compiled.php(12083): Illuminate\Pipeline\Pipeline->Illuminate\Pipeline\{closure}(Object(Illuminate\Http\Request))
#20 D:\xampp\htdocs\comco\ver88_dinesh\vendor\compiled.php(8944): Illuminate\View\Middleware\ShareErrorsFromSession->handle(Object(Illuminate\Http\Request), Object(Closure))
#21 D:\xampp\htdocs\comco\ver88_dinesh\vendor\compiled.php(10785): Illuminate\Pipeline\Pipeline->Illuminate\Pipeline\{closure}(Object(Illuminate\Http\Request))
#22 D:\xampp\htdocs\comco\ver88_dinesh\vendor\compiled.php(8944): Illuminate\Session\Middleware\StartSession->handle(Object(Illuminate\Http\Request), Object(Closure))
#23 D:\xampp\htdocs\comco\ver88_dinesh\vendor\compiled.php(11789): Illuminate\Pipeline\Pipeline->Illuminate\Pipeline\{closure}(Object(Illuminate\Http\Request))
#24 D:\xampp\htdocs\comco\ver88_dinesh\vendor\compiled.php(8944): Illuminate\Cookie\Middleware\AddQueuedCookiesToResponse->handle(Object(Illuminate\Http\Request), Object(Closure))
#25 D:\xampp\htdocs\comco\ver88_dinesh\vendor\compiled.php(11738): Illuminate\Pipeline\Pipeline->Illuminate\Pipeline\{closure}(Object(Illuminate\Http\Request))
#26 D:\xampp\htdocs\comco\ver88_dinesh\vendor\compiled.php(8944): Illuminate\Cookie\Middleware\EncryptCookies->handle(Object(Illuminate\Http\Request), Object(Closure))
#27 D:\xampp\htdocs\comco\ver88_dinesh\vendor\compiled.php(2478): Illuminate\Pipeline\Pipeline->Illuminate\Pipeline\{closure}(Object(Illuminate\Http\Request))
#28 D:\xampp\htdocs\comco\ver88_dinesh\vendor\compiled.php(8944): Illuminate\Foundation\Http\Middleware\CheckForMaintenanceMode->handle(Object(Illuminate\Http\Request), Object(Closure))
#29 [internal function]: Illuminate\Pipeline\Pipeline->Illuminate\Pipeline\{closure}(Object(Illuminate\Http\Request))
#30 D:\xampp\htdocs\comco\ver88_dinesh\vendor\compiled.php(8935): call_user_func(Object(Closure), Object(Illuminate\Http\Request))
#31 D:\xampp\htdocs\comco\ver88_dinesh\vendor\compiled.php(1891): Illuminate\Pipeline\Pipeline->then(Object(Closure))
#32 D:\xampp\htdocs\comco\ver88_dinesh\vendor\compiled.php(1880): Illuminate\Foundation\Http\Kernel->sendRequestThroughRouter(Object(Illuminate\Http\Request))
#33 D:\xampp\htdocs\comco\ver88_dinesh\index.php(53): Illuminate\Foundation\Http\Kernel->handle(Object(Illuminate\Http\Request))
#34 {main}  
[2020-07-08 05:51:30] local.ERROR: exception 'ErrorException' with message 'Undefined variable: no_invoice' in D:\xampp\htdocs\comco\ver88_dinesh\storage\framework\views\0904fc065e10acbdd3547aecd1334a2f:138
Stack trace:
#0 D:\xampp\htdocs\comco\ver88_dinesh\storage\framework\views\0904fc065e10acbdd3547aecd1334a2f(138): Illuminate\Foundation\Bootstrap\HandleExceptions->handleError(8, 'Undefined varia...', 'D:\\xampp\\htdocs...', 138, Array)
#1 D:\xampp\htdocs\comco\ver88_dinesh\vendor\compiled.php(13650): include('D:\\xampp\\htdocs...')
#2 D:\xampp\htdocs\comco\ver88_dinesh\vendor\compiled.php(13683): Illuminate\View\Engines\PhpEngine->evaluatePath('D:\\xampp\\htdocs...', Array)
#3 D:\xampp\htdocs\comco\ver88_dinesh\vendor\compiled.php(13523): Illuminate\View\Engines\CompilerEngine->get('D:\\xampp\\htdocs...', Array)
#4 D:\xampp\htdocs\comco\ver88_dinesh\vendor\compiled.php(13510): Illuminate\View\View->getContents()
#5 D:\xampp\htdocs\comco\ver88_dinesh\vendor\compiled.php(13501): Illuminate\View\View->renderContents()
#6 D:\xampp\htdocs\comco\ver88_dinesh\vendor\compiled.php(14597): Illuminate\View\View->render()
#7 D:\xampp\htdocs\comco\ver88_dinesh\vendor\compiled.php(14126): Illuminate\Http\Response->setContent(Object(Illuminate\View\View))
#8 D:\xampp\htdocs\comco\ver88_dinesh\vendor\compiled.php(7154): Symfony\Component\HttpFoundation\Response->__construct(Object(Illuminate\View\View))
#9 D:\xampp\htdocs\comco\ver88_dinesh\vendor\compiled.php(6954): Illuminate\Routing\Router->prepareResponse(Object(Illuminate\Http\Request), Object(Illuminate\View\View))
#10 [internal function]: Illuminate\Routing\Router->Illuminate\Routing\{closure}(Object(Illuminate\Http\Request))
#11 D:\xampp\htdocs\comco\ver88_dinesh\vendor\compiled.php(8952): call_user_func(Object(Closure), Object(Illuminate\Http\Request))
#12 [internal function]: Illuminate\Pipeline\Pipeline->Illuminate\Pipeline\{closure}(Object(Illuminate\Http\Request))
#13 D:\xampp\htdocs\comco\ver88_dinesh\vendor\compiled.php(8935): call_user_func(Object(Closure), Object(Illuminate\Http\Request))
#14 D:\xampp\htdocs\comco\ver88_dinesh\vendor\compiled.php(6955): Illuminate\Pipeline\Pipeline->then(Object(Closure))
#15 D:\xampp\htdocs\comco\ver88_dinesh\vendor\compiled.php(6944): Illuminate\Routing\Router->runRouteWithinStack(Object(Illuminate\Routing\Route), Object(Illuminate\Http\Request))
#16 D:\xampp\htdocs\comco\ver88_dinesh\vendor\compiled.php(6929): Illuminate\Routing\Router->dispatchToRoute(Object(Illuminate\Http\Request))
#17 D:\xampp\htdocs\comco\ver88_dinesh\vendor\compiled.php(1935): Illuminate\Routing\Router->dispatch(Object(Illuminate\Http\Request))
#18 [internal function]: Illuminate\Foundation\Http\Kernel->Illuminate\Foundation\Http\{closure}(Object(Illuminate\Http\Request))
#19 D:\xampp\htdocs\comco\ver88_dinesh\vendor\compiled.php(8952): call_user_func(Object(Closure), Object(Illuminate\Http\Request))
#20 D:\xampp\htdocs\comco\ver88_dinesh\vendor\compiled.php(12083): Illuminate\Pipeline\Pipeline->Illuminate\Pipeline\{closure}(Object(Illuminate\Http\Request))
#21 D:\xampp\htdocs\comco\ver88_dinesh\vendor\compiled.php(8944): Illuminate\View\Middleware\ShareErrorsFromSession->handle(Object(Illuminate\Http\Request), Object(Closure))
#22 D:\xampp\htdocs\comco\ver88_dinesh\vendor\compiled.php(10785): Illuminate\Pipeline\Pipeline->Illuminate\Pipeline\{closure}(Object(Illuminate\Http\Request))
#23 D:\xampp\htdocs\comco\ver88_dinesh\vendor\compiled.php(8944): Illuminate\Session\Middleware\StartSession->handle(Object(Illuminate\Http\Request), Object(Closure))
#24 D:\xampp\htdocs\comco\ver88_dinesh\vendor\compiled.php(11789): Illuminate\Pipeline\Pipeline->Illuminate\Pipeline\{closure}(Object(Illuminate\Http\Request))
#25 D:\xampp\htdocs\comco\ver88_dinesh\vendor\compiled.php(8944): Illuminate\Cookie\Middleware\AddQueuedCookiesToResponse->handle(Object(Illuminate\Http\Request), Object(Closure))
#26 D:\xampp\htdocs\comco\ver88_dinesh\vendor\compiled.php(11738): Illuminate\Pipeline\Pipeline->Illuminate\Pipeline\{closure}(Object(Illuminate\Http\Request))
#27 D:\xampp\htdocs\comco\ver88_dinesh\vendor\compiled.php(8944): Illuminate\Cookie\Middleware\EncryptCookies->handle(Object(Illuminate\Http\Request), Object(Closure))
#28 D:\xampp\htdocs\comco\ver88_dinesh\vendor\compiled.php(2478): Illuminate\Pipeline\Pipeline->Illuminate\Pipeline\{closure}(Object(Illuminate\Http\Request))
#29 D:\xampp\htdocs\comco\ver88_dinesh\vendor\compiled.php(8944): Illuminate\Foundation\Http\Middleware\CheckForMaintenanceMode->handle(Object(Illuminate\Http\Request), Object(Closure))
#30 [internal function]: Illuminate\Pipeline\Pipeline->Illuminate\Pipeline\{closure}(Object(Illuminate\Http\Request))
#31 D:\xampp\htdocs\comco\ver88_dinesh\vendor\compiled.php(8935): call_user_func(Object(Closure), Object(Illuminate\Http\Request))
#32 D:\xampp\htdocs\comco\ver88_dinesh\vendor\compiled.php(1891): Illuminate\Pipeline\Pipeline->then(Object(Closure))
#33 D:\xampp\htdocs\comco\ver88_dinesh\vendor\compiled.php(1880): Illuminate\Foundation\Http\Kernel->sendRequestThroughRouter(Object(Illuminate\Http\Request))
#34 D:\xampp\htdocs\comco\ver88_dinesh\index.php(53): Illuminate\Foundation\Http\Kernel->handle(Object(Illuminate\Http\Request))
#35 {main}

Next exception 'ErrorException' with message 'Undefined variable: no_invoice (View: D:\xampp\htdocs\comco\ver88_dinesh\resources\views\sales\order_details.blade.php)' in D:\xampp\htdocs\comco\ver88_dinesh\storage\framework\views\0904fc065e10acbdd3547aecd1334a2f:138
Stack trace:
#0 D:\xampp\htdocs\comco\ver88_dinesh\vendor\compiled.php(13652): Illuminate\View\Engines\CompilerEngine->handleViewException(Object(ErrorException), 1)
#1 D:\xampp\htdocs\comco\ver88_dinesh\vendor\compiled.php(13683): Illuminate\View\Engines\PhpEngine->evaluatePath('D:\\xampp\\htdocs...', Array)
#2 D:\xampp\htdocs\comco\ver88_dinesh\vendor\compiled.php(13523): Illuminate\View\Engines\CompilerEngine->get('D:\\xampp\\htdocs...', Array)
#3 D:\xampp\htdocs\comco\ver88_dinesh\vendor\compiled.php(13510): Illuminate\View\View->getContents()
#4 D:\xampp\htdocs\comco\ver88_dinesh\vendor\compiled.php(13501): Illuminate\View\View->renderContents()
#5 D:\xampp\htdocs\comco\ver88_dinesh\vendor\compiled.php(14597): Illuminate\View\View->render()
#6 D:\xampp\htdocs\comco\ver88_dinesh\vendor\compiled.php(14126): Illuminate\Http\Response->setContent(Object(Illuminate\View\View))
#7 D:\xampp\htdocs\comco\ver88_dinesh\vendor\compiled.php(7154): Symfony\Component\HttpFoundation\Response->__construct(Object(Illuminate\View\View))
#8 D:\xampp\htdocs\comco\ver88_dinesh\vendor\compiled.php(6954): Illuminate\Routing\Router->prepareResponse(Object(Illuminate\Http\Request), Object(Illuminate\View\View))
#9 [internal function]: Illuminate\Routing\Router->Illuminate\Routing\{closure}(Object(Illuminate\Http\Request))
#10 D:\xampp\htdocs\comco\ver88_dinesh\vendor\compiled.php(8952): call_user_func(Object(Closure), Object(Illuminate\Http\Request))
#11 [internal function]: Illuminate\Pipeline\Pipeline->Illuminate\Pipeline\{closure}(Object(Illuminate\Http\Request))
#12 D:\xampp\htdocs\comco\ver88_dinesh\vendor\compiled.php(8935): call_user_func(Object(Closure), Object(Illuminate\Http\Request))
#13 D:\xampp\htdocs\comco\ver88_dinesh\vendor\compiled.php(6955): Illuminate\Pipeline\Pipeline->then(Object(Closure))
#14 D:\xampp\htdocs\comco\ver88_dinesh\vendor\compiled.php(6944): Illuminate\Routing\Router->runRouteWithinStack(Object(Illuminate\Routing\Route), Object(Illuminate\Http\Request))
#15 D:\xampp\htdocs\comco\ver88_dinesh\vendor\compiled.php(6929): Illuminate\Routing\Router->dispatchToRoute(Object(Illuminate\Http\Request))
#16 D:\xampp\htdocs\comco\ver88_dinesh\vendor\compiled.php(1935): Illuminate\Routing\Router->dispatch(Object(Illuminate\Http\Request))
#17 [internal function]: Illuminate\Foundation\Http\Kernel->Illuminate\Foundation\Http\{closure}(Object(Illuminate\Http\Request))
#18 D:\xampp\htdocs\comco\ver88_dinesh\vendor\compiled.php(8952): call_user_func(Object(Closure), Object(Illuminate\Http\Request))
#19 D:\xampp\htdocs\comco\ver88_dinesh\vendor\compiled.php(12083): Illuminate\Pipeline\Pipeline->Illuminate\Pipeline\{closure}(Object(Illuminate\Http\Request))
#20 D:\xampp\htdocs\comco\ver88_dinesh\vendor\compiled.php(8944): Illuminate\View\Middleware\ShareErrorsFromSession->handle(Object(Illuminate\Http\Request), Object(Closure))
#21 D:\xampp\htdocs\comco\ver88_dinesh\vendor\compiled.php(10785): Illuminate\Pipeline\Pipeline->Illuminate\Pipeline\{closure}(Object(Illuminate\Http\Request))
#22 D:\xampp\htdocs\comco\ver88_dinesh\vendor\compiled.php(8944): Illuminate\Session\Middleware\StartSession->handle(Object(Illuminate\Http\Request), Object(Closure))
#23 D:\xampp\htdocs\comco\ver88_dinesh\vendor\compiled.php(11789): Illuminate\Pipeline\Pipeline->Illuminate\Pipeline\{closure}(Object(Illuminate\Http\Request))
#24 D:\xampp\htdocs\comco\ver88_dinesh\vendor\compiled.php(8944): Illuminate\Cookie\Middleware\AddQueuedCookiesToResponse->handle(Object(Illuminate\Http\Request), Object(Closure))
#25 D:\xampp\htdocs\comco\ver88_dinesh\vendor\compiled.php(11738): Illuminate\Pipeline\Pipeline->Illuminate\Pipeline\{closure}(Object(Illuminate\Http\Request))
#26 D:\xampp\htdocs\comco\ver88_dinesh\vendor\compiled.php(8944): Illuminate\Cookie\Middleware\EncryptCookies->handle(Object(Illuminate\Http\Request), Object(Closure))
#27 D:\xampp\htdocs\comco\ver88_dinesh\vendor\compiled.php(2478): Illuminate\Pipeline\Pipeline->Illuminate\Pipeline\{closure}(Object(Illuminate\Http\Request))
#28 D:\xampp\htdocs\comco\ver88_dinesh\vendor\compiled.php(8944): Illuminate\Foundation\Http\Middleware\CheckForMaintenanceMode->handle(Object(Illuminate\Http\Request), Object(Closure))
#29 [internal function]: Illuminate\Pipeline\Pipeline->Illuminate\Pipeline\{closure}(Object(Illuminate\Http\Request))
#30 D:\xampp\htdocs\comco\ver88_dinesh\vendor\compiled.php(8935): call_user_func(Object(Closure), Object(Illuminate\Http\Request))
#31 D:\xampp\htdocs\comco\ver88_dinesh\vendor\compiled.php(1891): Illuminate\Pipeline\Pipeline->then(Object(Closure))
#32 D:\xampp\htdocs\comco\ver88_dinesh\vendor\compiled.php(1880): Illuminate\Foundation\Http\Kernel->sendRequestThroughRouter(Object(Illuminate\Http\Request))
#33 D:\xampp\htdocs\comco\ver88_dinesh\index.php(53): Illuminate\Foundation\Http\Kernel->handle(Object(Illuminate\Http\Request))
#34 {main}  
[2020-07-08 06:04:11] local.ERROR: exception 'ErrorException' with message 'Trying to get property of non-object' in D:\xampp\htdocs\comco\ver88_dinesh\app\Http\Controllers\sales\ShopController.php:162
Stack trace:
#0 D:\xampp\htdocs\comco\ver88_dinesh\app\Http\Controllers\sales\ShopController.php(162): Illuminate\Foundation\Bootstrap\HandleExceptions->handleError(8, 'Trying to get p...', 'D:\\xampp\\htdocs...', 162, Array)
#1 [internal function]: App\Http\Controllers\sales\ShopController->shopdetails()
#2 D:\xampp\htdocs\comco\ver88_dinesh\vendor\compiled.php(8287): call_user_func_array(Array, Array)
#3 D:\xampp\htdocs\comco\ver88_dinesh\vendor\compiled.php(8354): Illuminate\Routing\Controller->callAction('shopdetails', Array)
#4 D:\xampp\htdocs\comco\ver88_dinesh\vendor\compiled.php(8333): Illuminate\Routing\ControllerDispatcher->call(Object(App\Http\Controllers\sales\ShopController), Object(Illuminate\Routing\Route), 'shopdetails')
#5 [internal function]: Illuminate\Routing\ControllerDispatcher->Illuminate\Routing\{closure}(Object(Illuminate\Http\Request))
#6 D:\xampp\htdocs\comco\ver88_dinesh\vendor\compiled.php(8952): call_user_func(Object(Closure), Object(Illuminate\Http\Request))
#7 D:\xampp\htdocs\comco\ver88_dinesh\app\Http\Middleware\SalesAuthenticate.php(41): Illuminate\Pipeline\Pipeline->Illuminate\Pipeline\{closure}(Object(Illuminate\Http\Request))
#8 D:\xampp\htdocs\comco\ver88_dinesh\vendor\compiled.php(8944): App\Http\Middleware\SalesAuthenticate->handle(Object(Illuminate\Http\Request), Object(Closure))
#9 [internal function]: Illuminate\Pipeline\Pipeline->Illuminate\Pipeline\{closure}(Object(Illuminate\Http\Request))
#10 D:\xampp\htdocs\comco\ver88_dinesh\vendor\compiled.php(8935): call_user_func(Object(Closure), Object(Illuminate\Http\Request))
#11 D:\xampp\htdocs\comco\ver88_dinesh\vendor\compiled.php(8334): Illuminate\Pipeline\Pipeline->then(Object(Closure))
#12 D:\xampp\htdocs\comco\ver88_dinesh\vendor\compiled.php(8320): Illuminate\Routing\ControllerDispatcher->callWithinStack(Object(App\Http\Controllers\sales\ShopController), Object(Illuminate\Routing\Route), Object(Illuminate\Http\Request), 'shopdetails')
#13 D:\xampp\htdocs\comco\ver88_dinesh\vendor\compiled.php(7317): Illuminate\Routing\ControllerDispatcher->dispatch(Object(Illuminate\Routing\Route), Object(Illuminate\Http\Request), 'App\\Http\\Contro...', 'shopdetails')
#14 D:\xampp\htdocs\comco\ver88_dinesh\vendor\compiled.php(7288): Illuminate\Routing\Route->runWithCustomDispatcher(Object(Illuminate\Http\Request))
#15 D:\xampp\htdocs\comco\ver88_dinesh\vendor\compiled.php(6954): Illuminate\Routing\Route->run(Object(Illuminate\Http\Request))
#16 [internal function]: Illuminate\Routing\Router->Illuminate\Routing\{closure}(Object(Illuminate\Http\Request))
#17 D:\xampp\htdocs\comco\ver88_dinesh\vendor\compiled.php(8952): call_user_func(Object(Closure), Object(Illuminate\Http\Request))
#18 [internal function]: Illuminate\Pipeline\Pipeline->Illuminate\Pipeline\{closure}(Object(Illuminate\Http\Request))
#19 D:\xampp\htdocs\comco\ver88_dinesh\vendor\compiled.php(8935): call_user_func(Object(Closure), Object(Illuminate\Http\Request))
#20 D:\xampp\htdocs\comco\ver88_dinesh\vendor\compiled.php(6955): Illuminate\Pipeline\Pipeline->then(Object(Closure))
#21 D:\xampp\htdocs\comco\ver88_dinesh\vendor\compiled.php(6944): Illuminate\Routing\Router->runRouteWithinStack(Object(Illuminate\Routing\Route), Object(Illuminate\Http\Request))
#22 D:\xampp\htdocs\comco\ver88_dinesh\vendor\compiled.php(6929): Illuminate\Routing\Router->dispatchToRoute(Object(Illuminate\Http\Request))
#23 D:\xampp\htdocs\comco\ver88_dinesh\vendor\compiled.php(1935): Illuminate\Routing\Router->dispatch(Object(Illuminate\Http\Request))
#24 [internal function]: Illuminate\Foundation\Http\Kernel->Illuminate\Foundation\Http\{closure}(Object(Illuminate\Http\Request))
#25 D:\xampp\htdocs\comco\ver88_dinesh\vendor\compiled.php(8952): call_user_func(Object(Closure), Object(Illuminate\Http\Request))
#26 D:\xampp\htdocs\comco\ver88_dinesh\vendor\compiled.php(12083): Illuminate\Pipeline\Pipeline->Illuminate\Pipeline\{closure}(Object(Illuminate\Http\Request))
#27 D:\xampp\htdocs\comco\ver88_dinesh\vendor\compiled.php(8944): Illuminate\View\Middleware\ShareErrorsFromSession->handle(Object(Illuminate\Http\Request), Object(Closure))
#28 D:\xampp\htdocs\comco\ver88_dinesh\vendor\compiled.php(10785): Illuminate\Pipeline\Pipeline->Illuminate\Pipeline\{closure}(Object(Illuminate\Http\Request))
#29 D:\xampp\htdocs\comco\ver88_dinesh\vendor\compiled.php(8944): Illuminate\Session\Middleware\StartSession->handle(Object(Illuminate\Http\Request), Object(Closure))
#30 D:\xampp\htdocs\comco\ver88_dinesh\vendor\compiled.php(11789): Illuminate\Pipeline\Pipeline->Illuminate\Pipeline\{closure}(Object(Illuminate\Http\Request))
#31 D:\xampp\htdocs\comco\ver88_dinesh\vendor\compiled.php(8944): Illuminate\Cookie\Middleware\AddQueuedCookiesToResponse->handle(Object(Illuminate\Http\Request), Object(Closure))
#32 D:\xampp\htdocs\comco\ver88_dinesh\vendor\compiled.php(11738): Illuminate\Pipeline\Pipeline->Illuminate\Pipeline\{closure}(Object(Illuminate\Http\Request))
#33 D:\xampp\htdocs\comco\ver88_dinesh\vendor\compiled.php(8944): Illuminate\Cookie\Middleware\EncryptCookies->handle(Object(Illuminate\Http\Request), Object(Closure))
#34 D:\xampp\htdocs\comco\ver88_dinesh\vendor\compiled.php(2478): Illuminate\Pipeline\Pipeline->Illuminate\Pipeline\{closure}(Object(Illuminate\Http\Request))
#35 D:\xampp\htdocs\comco\ver88_dinesh\vendor\compiled.php(8944): Illuminate\Foundation\Http\Middleware\CheckForMaintenanceMode->handle(Object(Illuminate\Http\Request), Object(Closure))
#36 [internal function]: Illuminate\Pipeline\Pipeline->Illuminate\Pipeline\{closure}(Object(Illuminate\Http\Request))
#37 D:\xampp\htdocs\comco\ver88_dinesh\vendor\compiled.php(8935): call_user_func(Object(Closure), Object(Illuminate\Http\Request))
#38 D:\xampp\htdocs\comco\ver88_dinesh\vendor\compiled.php(1891): Illuminate\Pipeline\Pipeline->then(Object(Closure))
#39 D:\xampp\htdocs\comco\ver88_dinesh\vendor\compiled.php(1880): Illuminate\Foundation\Http\Kernel->sendRequestThroughRouter(Object(Illuminate\Http\Request))
#40 D:\xampp\htdocs\comco\ver88_dinesh\index.php(53): Illuminate\Foundation\Http\Kernel->handle(Object(Illuminate\Http\Request))
#41 {main}  
[2020-07-08 06:04:33] local.ERROR: exception 'ErrorException' with message 'Trying to get property of non-object' in D:\xampp\htdocs\comco\ver88_dinesh\app\Http\Controllers\sales\ShopController.php:162
Stack trace:
#0 D:\xampp\htdocs\comco\ver88_dinesh\app\Http\Controllers\sales\ShopController.php(162): Illuminate\Foundation\Bootstrap\HandleExceptions->handleError(8, 'Trying to get p...', 'D:\\xampp\\htdocs...', 162, Array)
#1 [internal function]: App\Http\Controllers\sales\ShopController->shopdetails()
#2 D:\xampp\htdocs\comco\ver88_dinesh\vendor\compiled.php(8287): call_user_func_array(Array, Array)
#3 D:\xampp\htdocs\comco\ver88_dinesh\vendor\compiled.php(8354): Illuminate\Routing\Controller->callAction('shopdetails', Array)
#4 D:\xampp\htdocs\comco\ver88_dinesh\vendor\compiled.php(8333): Illuminate\Routing\ControllerDispatcher->call(Object(App\Http\Controllers\sales\ShopController), Object(Illuminate\Routing\Route), 'shopdetails')
#5 [internal function]: Illuminate\Routing\ControllerDispatcher->Illuminate\Routing\{closure}(Object(Illuminate\Http\Request))
#6 D:\xampp\htdocs\comco\ver88_dinesh\vendor\compiled.php(8952): call_user_func(Object(Closure), Object(Illuminate\Http\Request))
#7 D:\xampp\htdocs\comco\ver88_dinesh\app\Http\Middleware\SalesAuthenticate.php(41): Illuminate\Pipeline\Pipeline->Illuminate\Pipeline\{closure}(Object(Illuminate\Http\Request))
#8 D:\xampp\htdocs\comco\ver88_dinesh\vendor\compiled.php(8944): App\Http\Middleware\SalesAuthenticate->handle(Object(Illuminate\Http\Request), Object(Closure))
#9 [internal function]: Illuminate\Pipeline\Pipeline->Illuminate\Pipeline\{closure}(Object(Illuminate\Http\Request))
#10 D:\xampp\htdocs\comco\ver88_dinesh\vendor\compiled.php(8935): call_user_func(Object(Closure), Object(Illuminate\Http\Request))
#11 D:\xampp\htdocs\comco\ver88_dinesh\vendor\compiled.php(8334): Illuminate\Pipeline\Pipeline->then(Object(Closure))
#12 D:\xampp\htdocs\comco\ver88_dinesh\vendor\compiled.php(8320): Illuminate\Routing\ControllerDispatcher->callWithinStack(Object(App\Http\Controllers\sales\ShopController), Object(Illuminate\Routing\Route), Object(Illuminate\Http\Request), 'shopdetails')
#13 D:\xampp\htdocs\comco\ver88_dinesh\vendor\compiled.php(7317): Illuminate\Routing\ControllerDispatcher->dispatch(Object(Illuminate\Routing\Route), Object(Illuminate\Http\Request), 'App\\Http\\Contro...', 'shopdetails')
#14 D:\xampp\htdocs\comco\ver88_dinesh\vendor\compiled.php(7288): Illuminate\Routing\Route->runWithCustomDispatcher(Object(Illuminate\Http\Request))
#15 D:\xampp\htdocs\comco\ver88_dinesh\vendor\compiled.php(6954): Illuminate\Routing\Route->run(Object(Illuminate\Http\Request))
#16 [internal function]: Illuminate\Routing\Router->Illuminate\Routing\{closure}(Object(Illuminate\Http\Request))
#17 D:\xampp\htdocs\comco\ver88_dinesh\vendor\compiled.php(8952): call_user_func(Object(Closure), Object(Illuminate\Http\Request))
#18 [internal function]: Illuminate\Pipeline\Pipeline->Illuminate\Pipeline\{closure}(Object(Illuminate\Http\Request))
#19 D:\xampp\htdocs\comco\ver88_dinesh\vendor\compiled.php(8935): call_user_func(Object(Closure), Object(Illuminate\Http\Request))
#20 D:\xampp\htdocs\comco\ver88_dinesh\vendor\compiled.php(6955): Illuminate\Pipeline\Pipeline->then(Object(Closure))
#21 D:\xampp\htdocs\comco\ver88_dinesh\vendor\compiled.php(6944): Illuminate\Routing\Router->runRouteWithinStack(Object(Illuminate\Routing\Route), Object(Illuminate\Http\Request))
#22 D:\xampp\htdocs\comco\ver88_dinesh\vendor\compiled.php(6929): Illuminate\Routing\Router->dispatchToRoute(Object(Illuminate\Http\Request))
#23 D:\xampp\htdocs\comco\ver88_dinesh\vendor\compiled.php(1935): Illuminate\Routing\Router->dispatch(Object(Illuminate\Http\Request))
#24 [internal function]: Illuminate\Foundation\Http\Kernel->Illuminate\Foundation\Http\{closure}(Object(Illuminate\Http\Request))
#25 D:\xampp\htdocs\comco\ver88_dinesh\vendor\compiled.php(8952): call_user_func(Object(Closure), Object(Illuminate\Http\Request))
#26 D:\xampp\htdocs\comco\ver88_dinesh\vendor\compiled.php(12083): Illuminate\Pipeline\Pipeline->Illuminate\Pipeline\{closure}(Object(Illuminate\Http\Request))
#27 D:\xampp\htdocs\comco\ver88_dinesh\vendor\compiled.php(8944): Illuminate\View\Middleware\ShareErrorsFromSession->handle(Object(Illuminate\Http\Request), Object(Closure))
#28 D:\xampp\htdocs\comco\ver88_dinesh\vendor\compiled.php(10785): Illuminate\Pipeline\Pipeline->Illuminate\Pipeline\{closure}(Object(Illuminate\Http\Request))
#29 D:\xampp\htdocs\comco\ver88_dinesh\vendor\compiled.php(8944): Illuminate\Session\Middleware\StartSession->handle(Object(Illuminate\Http\Request), Object(Closure))
#30 D:\xampp\htdocs\comco\ver88_dinesh\vendor\compiled.php(11789): Illuminate\Pipeline\Pipeline->Illuminate\Pipeline\{closure}(Object(Illuminate\Http\Request))
#31 D:\xampp\htdocs\comco\ver88_dinesh\vendor\compiled.php(8944): Illuminate\Cookie\Middleware\AddQueuedCookiesToResponse->handle(Object(Illuminate\Http\Request), Object(Closure))
#32 D:\xampp\htdocs\comco\ver88_dinesh\vendor\compiled.php(11738): Illuminate\Pipeline\Pipeline->Illuminate\Pipeline\{closure}(Object(Illuminate\Http\Request))
#33 D:\xampp\htdocs\comco\ver88_dinesh\vendor\compiled.php(8944): Illuminate\Cookie\Middleware\EncryptCookies->handle(Object(Illuminate\Http\Request), Object(Closure))
#34 D:\xampp\htdocs\comco\ver88_dinesh\vendor\compiled.php(2478): Illuminate\Pipeline\Pipeline->Illuminate\Pipeline\{closure}(Object(Illuminate\Http\Request))
#35 D:\xampp\htdocs\comco\ver88_dinesh\vendor\compiled.php(8944): Illuminate\Foundation\Http\Middleware\CheckForMaintenanceMode->handle(Object(Illuminate\Http\Request), Object(Closure))
#36 [internal function]: Illuminate\Pipeline\Pipeline->Illuminate\Pipeline\{closure}(Object(Illuminate\Http\Request))
#37 D:\xampp\htdocs\comco\ver88_dinesh\vendor\compiled.php(8935): call_user_func(Object(Closure), Object(Illuminate\Http\Request))
#38 D:\xampp\htdocs\comco\ver88_dinesh\vendor\compiled.php(1891): Illuminate\Pipeline\Pipeline->then(Object(Closure))
#39 D:\xampp\htdocs\comco\ver88_dinesh\vendor\compiled.php(1880): Illuminate\Foundation\Http\Kernel->sendRequestThroughRouter(Object(Illuminate\Http\Request))
#40 D:\xampp\htdocs\comco\ver88_dinesh\index.php(53): Illuminate\Foundation\Http\Kernel->handle(Object(Illuminate\Http\Request))
#41 {main}  
[2020-07-08 11:53:59] local.ERROR: exception 'ErrorException' with message 'explode() expects parameter 2 to be string, array given' in D:\xampp\htdocs\comco\ver89_dinesh\app\Http\Controllers\admin\RouteController.php:170
Stack trace:
#0 [internal function]: Illuminate\Foundation\Bootstrap\HandleExceptions->handleError(2, 'explode() expec...', 'D:\\xampp\\htdocs...', 170, Array)
#1 D:\xampp\htdocs\comco\ver89_dinesh\app\Http\Controllers\admin\RouteController.php(170): explode(',', Array)
#2 [internal function]: App\Http\Controllers\admin\RouteController->routeupdate()
#3 D:\xampp\htdocs\comco\ver89_dinesh\vendor\compiled.php(8287): call_user_func_array(Array, Array)
#4 D:\xampp\htdocs\comco\ver89_dinesh\vendor\compiled.php(8354): Illuminate\Routing\Controller->callAction('routeupdate', Array)
#5 D:\xampp\htdocs\comco\ver89_dinesh\vendor\compiled.php(8333): Illuminate\Routing\ControllerDispatcher->call(Object(App\Http\Controllers\admin\RouteController), Object(Illuminate\Routing\Route), 'routeupdate')
#6 [internal function]: Illuminate\Routing\ControllerDispatcher->Illuminate\Routing\{closure}(Object(Illuminate\Http\Request))
#7 D:\xampp\htdocs\comco\ver89_dinesh\vendor\compiled.php(8952): call_user_func(Object(Closure), Object(Illuminate\Http\Request))
#8 D:\xampp\htdocs\comco\ver89_dinesh\app\Http\Middleware\AdminAuthenticate.php(41): Illuminate\Pipeline\Pipeline->Illuminate\Pipeline\{closure}(Object(Illuminate\Http\Request))
#9 D:\xampp\htdocs\comco\ver89_dinesh\vendor\compiled.php(8944): App\Http\Middleware\AdminAuthenticate->handle(Object(Illuminate\Http\Request), Object(Closure))
#10 [internal function]: Illuminate\Pipeline\Pipeline->Illuminate\Pipeline\{closure}(Object(Illuminate\Http\Request))
#11 D:\xampp\htdocs\comco\ver89_dinesh\vendor\compiled.php(8935): call_user_func(Object(Closure), Object(Illuminate\Http\Request))
#12 D:\xampp\htdocs\comco\ver89_dinesh\vendor\compiled.php(8334): Illuminate\Pipeline\Pipeline->then(Object(Closure))
#13 D:\xampp\htdocs\comco\ver89_dinesh\vendor\compiled.php(8320): Illuminate\Routing\ControllerDispatcher->callWithinStack(Object(App\Http\Controllers\admin\RouteController), Object(Illuminate\Routing\Route), Object(Illuminate\Http\Request), 'routeupdate')
#14 D:\xampp\htdocs\comco\ver89_dinesh\vendor\compiled.php(7317): Illuminate\Routing\ControllerDispatcher->dispatch(Object(Illuminate\Routing\Route), Object(Illuminate\Http\Request), 'App\\Http\\Contro...', 'routeupdate')
#15 D:\xampp\htdocs\comco\ver89_dinesh\vendor\compiled.php(7288): Illuminate\Routing\Route->runWithCustomDispatcher(Object(Illuminate\Http\Request))
#16 D:\xampp\htdocs\comco\ver89_dinesh\vendor\compiled.php(6954): Illuminate\Routing\Route->run(Object(Illuminate\Http\Request))
#17 [internal function]: Illuminate\Routing\Router->Illuminate\Routing\{closure}(Object(Illuminate\Http\Request))
#18 D:\xampp\htdocs\comco\ver89_dinesh\vendor\compiled.php(8952): call_user_func(Object(Closure), Object(Illuminate\Http\Request))
#19 [internal function]: Illuminate\Pipeline\Pipeline->Illuminate\Pipeline\{closure}(Object(Illuminate\Http\Request))
#20 D:\xampp\htdocs\comco\ver89_dinesh\vendor\compiled.php(8935): call_user_func(Object(Closure), Object(Illuminate\Http\Request))
#21 D:\xampp\htdocs\comco\ver89_dinesh\vendor\compiled.php(6955): Illuminate\Pipeline\Pipeline->then(Object(Closure))
#22 D:\xampp\htdocs\comco\ver89_dinesh\vendor\compiled.php(6944): Illuminate\Routing\Router->runRouteWithinStack(Object(Illuminate\Routing\Route), Object(Illuminate\Http\Request))
#23 D:\xampp\htdocs\comco\ver89_dinesh\vendor\compiled.php(6929): Illuminate\Routing\Router->dispatchToRoute(Object(Illuminate\Http\Request))
#24 D:\xampp\htdocs\comco\ver89_dinesh\vendor\compiled.php(1935): Illuminate\Routing\Router->dispatch(Object(Illuminate\Http\Request))
#25 [internal function]: Illuminate\Foundation\Http\Kernel->Illuminate\Foundation\Http\{closure}(Object(Illuminate\Http\Request))
#26 D:\xampp\htdocs\comco\ver89_dinesh\vendor\compiled.php(8952): call_user_func(Object(Closure), Object(Illuminate\Http\Request))
#27 D:\xampp\htdocs\comco\ver89_dinesh\vendor\compiled.php(12083): Illuminate\Pipeline\Pipeline->Illuminate\Pipeline\{closure}(Object(Illuminate\Http\Request))
#28 D:\xampp\htdocs\comco\ver89_dinesh\vendor\compiled.php(8944): Illuminate\View\Middleware\ShareErrorsFromSession->handle(Object(Illuminate\Http\Request), Object(Closure))
#29 D:\xampp\htdocs\comco\ver89_dinesh\vendor\compiled.php(10785): Illuminate\Pipeline\Pipeline->Illuminate\Pipeline\{closure}(Object(Illuminate\Http\Request))
#30 D:\xampp\htdocs\comco\ver89_dinesh\vendor\compiled.php(8944): Illuminate\Session\Middleware\StartSession->handle(Object(Illuminate\Http\Request), Object(Closure))
#31 D:\xampp\htdocs\comco\ver89_dinesh\vendor\compiled.php(11789): Illuminate\Pipeline\Pipeline->Illuminate\Pipeline\{closure}(Object(Illuminate\Http\Request))
#32 D:\xampp\htdocs\comco\ver89_dinesh\vendor\compiled.php(8944): Illuminate\Cookie\Middleware\AddQueuedCookiesToResponse->handle(Object(Illuminate\Http\Request), Object(Closure))
#33 D:\xampp\htdocs\comco\ver89_dinesh\vendor\compiled.php(11738): Illuminate\Pipeline\Pipeline->Illuminate\Pipeline\{closure}(Object(Illuminate\Http\Request))
#34 D:\xampp\htdocs\comco\ver89_dinesh\vendor\compiled.php(8944): Illuminate\Cookie\Middleware\EncryptCookies->handle(Object(Illuminate\Http\Request), Object(Closure))
#35 D:\xampp\htdocs\comco\ver89_dinesh\vendor\compiled.php(2478): Illuminate\Pipeline\Pipeline->Illuminate\Pipeline\{closure}(Object(Illuminate\Http\Request))
#36 D:\xampp\htdocs\comco\ver89_dinesh\vendor\compiled.php(8944): Illuminate\Foundation\Http\Middleware\CheckForMaintenanceMode->handle(Object(Illuminate\Http\Request), Object(Closure))
#37 [internal function]: Illuminate\Pipeline\Pipeline->Illuminate\Pipeline\{closure}(Object(Illuminate\Http\Request))
#38 D:\xampp\htdocs\comco\ver89_dinesh\vendor\compiled.php(8935): call_user_func(Object(Closure), Object(Illuminate\Http\Request))
#39 D:\xampp\htdocs\comco\ver89_dinesh\vendor\compiled.php(1891): Illuminate\Pipeline\Pipeline->then(Object(Closure))
#40 D:\xampp\htdocs\comco\ver89_dinesh\vendor\compiled.php(1880): Illuminate\Foundation\Http\Kernel->sendRequestThroughRouter(Object(Illuminate\Http\Request))
#41 D:\xampp\htdocs\comco\ver89_dinesh\index.php(53): Illuminate\Foundation\Http\Kernel->handle(Object(Illuminate\Http\Request))
#42 {main}  
[2020-07-08 12:04:00] local.ERROR: exception 'ErrorException' with message 'Array to string conversion' in D:\xampp\htdocs\comco\ver89_dinesh\app\Http\Controllers\admin\RouteController.php:173
Stack trace:
#0 D:\xampp\htdocs\comco\ver89_dinesh\app\Http\Controllers\admin\RouteController.php(173): Illuminate\Foundation\Bootstrap\HandleExceptions->handleError(8, 'Array to string...', 'D:\\xampp\\htdocs...', 173, Array)
#1 [internal function]: App\Http\Controllers\admin\RouteController->routeupdate()
#2 D:\xampp\htdocs\comco\ver89_dinesh\vendor\compiled.php(8287): call_user_func_array(Array, Array)
#3 D:\xampp\htdocs\comco\ver89_dinesh\vendor\compiled.php(8354): Illuminate\Routing\Controller->callAction('routeupdate', Array)
#4 D:\xampp\htdocs\comco\ver89_dinesh\vendor\compiled.php(8333): Illuminate\Routing\ControllerDispatcher->call(Object(App\Http\Controllers\admin\RouteController), Object(Illuminate\Routing\Route), 'routeupdate')
#5 [internal function]: Illuminate\Routing\ControllerDispatcher->Illuminate\Routing\{closure}(Object(Illuminate\Http\Request))
#6 D:\xampp\htdocs\comco\ver89_dinesh\vendor\compiled.php(8952): call_user_func(Object(Closure), Object(Illuminate\Http\Request))
#7 D:\xampp\htdocs\comco\ver89_dinesh\app\Http\Middleware\AdminAuthenticate.php(41): Illuminate\Pipeline\Pipeline->Illuminate\Pipeline\{closure}(Object(Illuminate\Http\Request))
#8 D:\xampp\htdocs\comco\ver89_dinesh\vendor\compiled.php(8944): App\Http\Middleware\AdminAuthenticate->handle(Object(Illuminate\Http\Request), Object(Closure))
#9 [internal function]: Illuminate\Pipeline\Pipeline->Illuminate\Pipeline\{closure}(Object(Illuminate\Http\Request))
#10 D:\xampp\htdocs\comco\ver89_dinesh\vendor\compiled.php(8935): call_user_func(Object(Closure), Object(Illuminate\Http\Request))
#11 D:\xampp\htdocs\comco\ver89_dinesh\vendor\compiled.php(8334): Illuminate\Pipeline\Pipeline->then(Object(Closure))
#12 D:\xampp\htdocs\comco\ver89_dinesh\vendor\compiled.php(8320): Illuminate\Routing\ControllerDispatcher->callWithinStack(Object(App\Http\Controllers\admin\RouteController), Object(Illuminate\Routing\Route), Object(Illuminate\Http\Request), 'routeupdate')
#13 D:\xampp\htdocs\comco\ver89_dinesh\vendor\compiled.php(7317): Illuminate\Routing\ControllerDispatcher->dispatch(Object(Illuminate\Routing\Route), Object(Illuminate\Http\Request), 'App\\Http\\Contro...', 'routeupdate')
#14 D:\xampp\htdocs\comco\ver89_dinesh\vendor\compiled.php(7288): Illuminate\Routing\Route->runWithCustomDispatcher(Object(Illuminate\Http\Request))
#15 D:\xampp\htdocs\comco\ver89_dinesh\vendor\compiled.php(6954): Illuminate\Routing\Route->run(Object(Illuminate\Http\Request))
#16 [internal function]: Illuminate\Routing\Router->Illuminate\Routing\{closure}(Object(Illuminate\Http\Request))
#17 D:\xampp\htdocs\comco\ver89_dinesh\vendor\compiled.php(8952): call_user_func(Object(Closure), Object(Illuminate\Http\Request))
#18 [internal function]: Illuminate\Pipeline\Pipeline->Illuminate\Pipeline\{closure}(Object(Illuminate\Http\Request))
#19 D:\xampp\htdocs\comco\ver89_dinesh\vendor\compiled.php(8935): call_user_func(Object(Closure), Object(Illuminate\Http\Request))
#20 D:\xampp\htdocs\comco\ver89_dinesh\vendor\compiled.php(6955): Illuminate\Pipeline\Pipeline->then(Object(Closure))
#21 D:\xampp\htdocs\comco\ver89_dinesh\vendor\compiled.php(6944): Illuminate\Routing\Router->runRouteWithinStack(Object(Illuminate\Routing\Route), Object(Illuminate\Http\Request))
#22 D:\xampp\htdocs\comco\ver89_dinesh\vendor\compiled.php(6929): Illuminate\Routing\Router->dispatchToRoute(Object(Illuminate\Http\Request))
#23 D:\xampp\htdocs\comco\ver89_dinesh\vendor\compiled.php(1935): Illuminate\Routing\Router->dispatch(Object(Illuminate\Http\Request))
#24 [internal function]: Illuminate\Foundation\Http\Kernel->Illuminate\Foundation\Http\{closure}(Object(Illuminate\Http\Request))
#25 D:\xampp\htdocs\comco\ver89_dinesh\vendor\compiled.php(8952): call_user_func(Object(Closure), Object(Illuminate\Http\Request))
#26 D:\xampp\htdocs\comco\ver89_dinesh\vendor\compiled.php(12083): Illuminate\Pipeline\Pipeline->Illuminate\Pipeline\{closure}(Object(Illuminate\Http\Request))
#27 D:\xampp\htdocs\comco\ver89_dinesh\vendor\compiled.php(8944): Illuminate\View\Middleware\ShareErrorsFromSession->handle(Object(Illuminate\Http\Request), Object(Closure))
#28 D:\xampp\htdocs\comco\ver89_dinesh\vendor\compiled.php(10785): Illuminate\Pipeline\Pipeline->Illuminate\Pipeline\{closure}(Object(Illuminate\Http\Request))
#29 D:\xampp\htdocs\comco\ver89_dinesh\vendor\compiled.php(8944): Illuminate\Session\Middleware\StartSession->handle(Object(Illuminate\Http\Request), Object(Closure))
#30 D:\xampp\htdocs\comco\ver89_dinesh\vendor\compiled.php(11789): Illuminate\Pipeline\Pipeline->Illuminate\Pipeline\{closure}(Object(Illuminate\Http\Request))
#31 D:\xampp\htdocs\comco\ver89_dinesh\vendor\compiled.php(8944): Illuminate\Cookie\Middleware\AddQueuedCookiesToResponse->handle(Object(Illuminate\Http\Request), Object(Closure))
#32 D:\xampp\htdocs\comco\ver89_dinesh\vendor\compiled.php(11738): Illuminate\Pipeline\Pipeline->Illuminate\Pipeline\{closure}(Object(Illuminate\Http\Request))
#33 D:\xampp\htdocs\comco\ver89_dinesh\vendor\compiled.php(8944): Illuminate\Cookie\Middleware\EncryptCookies->handle(Object(Illuminate\Http\Request), Object(Closure))
#34 D:\xampp\htdocs\comco\ver89_dinesh\vendor\compiled.php(2478): Illuminate\Pipeline\Pipeline->Illuminate\Pipeline\{closure}(Object(Illuminate\Http\Request))
#35 D:\xampp\htdocs\comco\ver89_dinesh\vendor\compiled.php(8944): Illuminate\Foundation\Http\Middleware\CheckForMaintenanceMode->handle(Object(Illuminate\Http\Request), Object(Closure))
#36 [internal function]: Illuminate\Pipeline\Pipeline->Illuminate\Pipeline\{closure}(Object(Illuminate\Http\Request))
#37 D:\xampp\htdocs\comco\ver89_dinesh\vendor\compiled.php(8935): call_user_func(Object(Closure), Object(Illuminate\Http\Request))
#38 D:\xampp\htdocs\comco\ver89_dinesh\vendor\compiled.php(1891): Illuminate\Pipeline\Pipeline->then(Object(Closure))
#39 D:\xampp\htdocs\comco\ver89_dinesh\vendor\compiled.php(1880): Illuminate\Foundation\Http\Kernel->sendRequestThroughRouter(Object(Illuminate\Http\Request))
#40 D:\xampp\htdocs\comco\ver89_dinesh\index.php(53): Illuminate\Foundation\Http\Kernel->handle(Object(Illuminate\Http\Request))
#41 {main}  
[2020-07-08 13:16:25] local.ERROR: exception 'ErrorException' with message 'Undefined variable: no_invoice' in D:\xampp\htdocs\comco\ver89_dinesh\storage\framework\views\eb3e8bf9125cb116ef94b20e271560f2:129
Stack trace:
#0 D:\xampp\htdocs\comco\ver89_dinesh\storage\framework\views\eb3e8bf9125cb116ef94b20e271560f2(129): Illuminate\Foundation\Bootstrap\HandleExceptions->handleError(8, 'Undefined varia...', 'D:\\xampp\\htdocs...', 129, Array)
#1 D:\xampp\htdocs\comco\ver89_dinesh\vendor\compiled.php(13650): include('D:\\xampp\\htdocs...')
#2 D:\xampp\htdocs\comco\ver89_dinesh\vendor\compiled.php(13683): Illuminate\View\Engines\PhpEngine->evaluatePath('D:\\xampp\\htdocs...', Array)
#3 D:\xampp\htdocs\comco\ver89_dinesh\vendor\compiled.php(13523): Illuminate\View\Engines\CompilerEngine->get('D:\\xampp\\htdocs...', Array)
#4 D:\xampp\htdocs\comco\ver89_dinesh\vendor\compiled.php(13510): Illuminate\View\View->getContents()
#5 D:\xampp\htdocs\comco\ver89_dinesh\vendor\compiled.php(13501): Illuminate\View\View->renderContents()
#6 D:\xampp\htdocs\comco\ver89_dinesh\vendor\compiled.php(14597): Illuminate\View\View->render()
#7 D:\xampp\htdocs\comco\ver89_dinesh\vendor\compiled.php(14126): Illuminate\Http\Response->setContent(Object(Illuminate\View\View))
#8 D:\xampp\htdocs\comco\ver89_dinesh\vendor\compiled.php(7154): Symfony\Component\HttpFoundation\Response->__construct(Object(Illuminate\View\View))
#9 D:\xampp\htdocs\comco\ver89_dinesh\vendor\compiled.php(6954): Illuminate\Routing\Router->prepareResponse(Object(Illuminate\Http\Request), Object(Illuminate\View\View))
#10 [internal function]: Illuminate\Routing\Router->Illuminate\Routing\{closure}(Object(Illuminate\Http\Request))
#11 D:\xampp\htdocs\comco\ver89_dinesh\vendor\compiled.php(8952): call_user_func(Object(Closure), Object(Illuminate\Http\Request))
#12 [internal function]: Illuminate\Pipeline\Pipeline->Illuminate\Pipeline\{closure}(Object(Illuminate\Http\Request))
#13 D:\xampp\htdocs\comco\ver89_dinesh\vendor\compiled.php(8935): call_user_func(Object(Closure), Object(Illuminate\Http\Request))
#14 D:\xampp\htdocs\comco\ver89_dinesh\vendor\compiled.php(6955): Illuminate\Pipeline\Pipeline->then(Object(Closure))
#15 D:\xampp\htdocs\comco\ver89_dinesh\vendor\compiled.php(6944): Illuminate\Routing\Router->runRouteWithinStack(Object(Illuminate\Routing\Route), Object(Illuminate\Http\Request))
#16 D:\xampp\htdocs\comco\ver89_dinesh\vendor\compiled.php(6929): Illuminate\Routing\Router->dispatchToRoute(Object(Illuminate\Http\Request))
#17 D:\xampp\htdocs\comco\ver89_dinesh\vendor\compiled.php(1935): Illuminate\Routing\Router->dispatch(Object(Illuminate\Http\Request))
#18 [internal function]: Illuminate\Foundation\Http\Kernel->Illuminate\Foundation\Http\{closure}(Object(Illuminate\Http\Request))
#19 D:\xampp\htdocs\comco\ver89_dinesh\vendor\compiled.php(8952): call_user_func(Object(Closure), Object(Illuminate\Http\Request))
#20 D:\xampp\htdocs\comco\ver89_dinesh\vendor\compiled.php(12083): Illuminate\Pipeline\Pipeline->Illuminate\Pipeline\{closure}(Object(Illuminate\Http\Request))
#21 D:\xampp\htdocs\comco\ver89_dinesh\vendor\compiled.php(8944): Illuminate\View\Middleware\ShareErrorsFromSession->handle(Object(Illuminate\Http\Request), Object(Closure))
#22 D:\xampp\htdocs\comco\ver89_dinesh\vendor\compiled.php(10785): Illuminate\Pipeline\Pipeline->Illuminate\Pipeline\{closure}(Object(Illuminate\Http\Request))
#23 D:\xampp\htdocs\comco\ver89_dinesh\vendor\compiled.php(8944): Illuminate\Session\Middleware\StartSession->handle(Object(Illuminate\Http\Request), Object(Closure))
#24 D:\xampp\htdocs\comco\ver89_dinesh\vendor\compiled.php(11789): Illuminate\Pipeline\Pipeline->Illuminate\Pipeline\{closure}(Object(Illuminate\Http\Request))
#25 D:\xampp\htdocs\comco\ver89_dinesh\vendor\compiled.php(8944): Illuminate\Cookie\Middleware\AddQueuedCookiesToResponse->handle(Object(Illuminate\Http\Request), Object(Closure))
#26 D:\xampp\htdocs\comco\ver89_dinesh\vendor\compiled.php(11738): Illuminate\Pipeline\Pipeline->Illuminate\Pipeline\{closure}(Object(Illuminate\Http\Request))
#27 D:\xampp\htdocs\comco\ver89_dinesh\vendor\compiled.php(8944): Illuminate\Cookie\Middleware\EncryptCookies->handle(Object(Illuminate\Http\Request), Object(Closure))
#28 D:\xampp\htdocs\comco\ver89_dinesh\vendor\compiled.php(2478): Illuminate\Pipeline\Pipeline->Illuminate\Pipeline\{closure}(Object(Illuminate\Http\Request))
#29 D:\xampp\htdocs\comco\ver89_dinesh\vendor\compiled.php(8944): Illuminate\Foundation\Http\Middleware\CheckForMaintenanceMode->handle(Object(Illuminate\Http\Request), Object(Closure))
#30 [internal function]: Illuminate\Pipeline\Pipeline->Illuminate\Pipeline\{closure}(Object(Illuminate\Http\Request))
#31 D:\xampp\htdocs\comco\ver89_dinesh\vendor\compiled.php(8935): call_user_func(Object(Closure), Object(Illuminate\Http\Request))
#32 D:\xampp\htdocs\comco\ver89_dinesh\vendor\compiled.php(1891): Illuminate\Pipeline\Pipeline->then(Object(Closure))
#33 D:\xampp\htdocs\comco\ver89_dinesh\vendor\compiled.php(1880): Illuminate\Foundation\Http\Kernel->sendRequestThroughRouter(Object(Illuminate\Http\Request))
#34 D:\xampp\htdocs\comco\ver89_dinesh\index.php(53): Illuminate\Foundation\Http\Kernel->handle(Object(Illuminate\Http\Request))
#35 {main}

Next exception 'ErrorException' with message 'Undefined variable: no_invoice (View: D:\xampp\htdocs\comco\ver89_dinesh\resources\views\admin\order_details.blade.php)' in D:\xampp\htdocs\comco\ver89_dinesh\storage\framework\views\eb3e8bf9125cb116ef94b20e271560f2:129
Stack trace:
#0 D:\xampp\htdocs\comco\ver89_dinesh\vendor\compiled.php(13652): Illuminate\View\Engines\CompilerEngine->handleViewException(Object(ErrorException), 1)
#1 D:\xampp\htdocs\comco\ver89_dinesh\vendor\compiled.php(13683): Illuminate\View\Engines\PhpEngine->evaluatePath('D:\\xampp\\htdocs...', Array)
#2 D:\xampp\htdocs\comco\ver89_dinesh\vendor\compiled.php(13523): Illuminate\View\Engines\CompilerEngine->get('D:\\xampp\\htdocs...', Array)
#3 D:\xampp\htdocs\comco\ver89_dinesh\vendor\compiled.php(13510): Illuminate\View\View->getContents()
#4 D:\xampp\htdocs\comco\ver89_dinesh\vendor\compiled.php(13501): Illuminate\View\View->renderContents()
#5 D:\xampp\htdocs\comco\ver89_dinesh\vendor\compiled.php(14597): Illuminate\View\View->render()
#6 D:\xampp\htdocs\comco\ver89_dinesh\vendor\compiled.php(14126): Illuminate\Http\Response->setContent(Object(Illuminate\View\View))
#7 D:\xampp\htdocs\comco\ver89_dinesh\vendor\compiled.php(7154): Symfony\Component\HttpFoundation\Response->__construct(Object(Illuminate\View\View))
#8 D:\xampp\htdocs\comco\ver89_dinesh\vendor\compiled.php(6954): Illuminate\Routing\Router->prepareResponse(Object(Illuminate\Http\Request), Object(Illuminate\View\View))
#9 [internal function]: Illuminate\Routing\Router->Illuminate\Routing\{closure}(Object(Illuminate\Http\Request))
#10 D:\xampp\htdocs\comco\ver89_dinesh\vendor\compiled.php(8952): call_user_func(Object(Closure), Object(Illuminate\Http\Request))
#11 [internal function]: Illuminate\Pipeline\Pipeline->Illuminate\Pipeline\{closure}(Object(Illuminate\Http\Request))
#12 D:\xampp\htdocs\comco\ver89_dinesh\vendor\compiled.php(8935): call_user_func(Object(Closure), Object(Illuminate\Http\Request))
#13 D:\xampp\htdocs\comco\ver89_dinesh\vendor\compiled.php(6955): Illuminate\Pipeline\Pipeline->then(Object(Closure))
#14 D:\xampp\htdocs\comco\ver89_dinesh\vendor\compiled.php(6944): Illuminate\Routing\Router->runRouteWithinStack(Object(Illuminate\Routing\Route), Object(Illuminate\Http\Request))
#15 D:\xampp\htdocs\comco\ver89_dinesh\vendor\compiled.php(6929): Illuminate\Routing\Router->dispatchToRoute(Object(Illuminate\Http\Request))
#16 D:\xampp\htdocs\comco\ver89_dinesh\vendor\compiled.php(1935): Illuminate\Routing\Router->dispatch(Object(Illuminate\Http\Request))
#17 [internal function]: Illuminate\Foundation\Http\Kernel->Illuminate\Foundation\Http\{closure}(Object(Illuminate\Http\Request))
#18 D:\xampp\htdocs\comco\ver89_dinesh\vendor\compiled.php(8952): call_user_func(Object(Closure), Object(Illuminate\Http\Request))
#19 D:\xampp\htdocs\comco\ver89_dinesh\vendor\compiled.php(12083): Illuminate\Pipeline\Pipeline->Illuminate\Pipeline\{closure}(Object(Illuminate\Http\Request))
#20 D:\xampp\htdocs\comco\ver89_dinesh\vendor\compiled.php(8944): Illuminate\View\Middleware\ShareErrorsFromSession->handle(Object(Illuminate\Http\Request), Object(Closure))
#21 D:\xampp\htdocs\comco\ver89_dinesh\vendor\compiled.php(10785): Illuminate\Pipeline\Pipeline->Illuminate\Pipeline\{closure}(Object(Illuminate\Http\Request))
#22 D:\xampp\htdocs\comco\ver89_dinesh\vendor\compiled.php(8944): Illuminate\Session\Middleware\StartSession->handle(Object(Illuminate\Http\Request), Object(Closure))
#23 D:\xampp\htdocs\comco\ver89_dinesh\vendor\compiled.php(11789): Illuminate\Pipeline\Pipeline->Illuminate\Pipeline\{closure}(Object(Illuminate\Http\Request))
#24 D:\xampp\htdocs\comco\ver89_dinesh\vendor\compiled.php(8944): Illuminate\Cookie\Middleware\AddQueuedCookiesToResponse->handle(Object(Illuminate\Http\Request), Object(Closure))
#25 D:\xampp\htdocs\comco\ver89_dinesh\vendor\compiled.php(11738): Illuminate\Pipeline\Pipeline->Illuminate\Pipeline\{closure}(Object(Illuminate\Http\Request))
#26 D:\xampp\htdocs\comco\ver89_dinesh\vendor\compiled.php(8944): Illuminate\Cookie\Middleware\EncryptCookies->handle(Object(Illuminate\Http\Request), Object(Closure))
#27 D:\xampp\htdocs\comco\ver89_dinesh\vendor\compiled.php(2478): Illuminate\Pipeline\Pipeline->Illuminate\Pipeline\{closure}(Object(Illuminate\Http\Request))
#28 D:\xampp\htdocs\comco\ver89_dinesh\vendor\compiled.php(8944): Illuminate\Foundation\Http\Middleware\CheckForMaintenanceMode->handle(Object(Illuminate\Http\Request), Object(Closure))
#29 [internal function]: Illuminate\Pipeline\Pipeline->Illuminate\Pipeline\{closure}(Object(Illuminate\Http\Request))
#30 D:\xampp\htdocs\comco\ver89_dinesh\vendor\compiled.php(8935): call_user_func(Object(Closure), Object(Illuminate\Http\Request))
#31 D:\xampp\htdocs\comco\ver89_dinesh\vendor\compiled.php(1891): Illuminate\Pipeline\Pipeline->then(Object(Closure))
#32 D:\xampp\htdocs\comco\ver89_dinesh\vendor\compiled.php(1880): Illuminate\Foundation\Http\Kernel->sendRequestThroughRouter(Object(Illuminate\Http\Request))
#33 D:\xampp\htdocs\comco\ver89_dinesh\index.php(53): Illuminate\Foundation\Http\Kernel->handle(Object(Illuminate\Http\Request))
#34 {main}  
