[2020-07-10 06:52:01] local.ERROR: exception 'BadMethodCallException' with message 'Method [commissionbonuscheck] does not exist.' in D:\xampp\htdocs\comco\ver90_dinesh\vendor\compiled.php:8295
Stack trace:
#0 [internal function]: Illuminate\Routing\Controller->__call('commissionbonus...', Array)
#1 [internal function]: App\Http\Controllers\sales\ShopController->commissionbonuscheck()
#2 D:\xampp\htdocs\comco\ver90_dinesh\vendor\compiled.php(8287): call_user_func_array(Array, Array)
#3 D:\xampp\htdocs\comco\ver90_dinesh\vendor\compiled.php(8354): Illuminate\Routing\Controller->callAction('commissionbonus...', Array)
#4 D:\xampp\htdocs\comco\ver90_dinesh\vendor\compiled.php(8333): Illuminate\Routing\ControllerDispatcher->call(Object(App\Http\Controllers\sales\ShopController), Object(Illuminate\Routing\Route), 'commissionbonus...')
#5 [internal function]: Illuminate\Routing\ControllerDispatcher->Illuminate\Routing\{closure}(Object(Illuminate\Http\Request))
#6 D:\xampp\htdocs\comco\ver90_dinesh\vendor\compiled.php(8952): call_user_func(Object(Closure), Object(Illuminate\Http\Request))
#7 D:\xampp\htdocs\comco\ver90_dinesh\app\Http\Middleware\SalesAuthenticate.php(41): Illuminate\Pipeline\Pipeline->Illuminate\Pipeline\{closure}(Object(Illuminate\Http\Request))
#8 D:\xampp\htdocs\comco\ver90_dinesh\vendor\compiled.php(8944): App\Http\Middleware\SalesAuthenticate->handle(Object(Illuminate\Http\Request), Object(Closure))
#9 [internal function]: Illuminate\Pipeline\Pipeline->Illuminate\Pipeline\{closure}(Object(Illuminate\Http\Request))
#10 D:\xampp\htdocs\comco\ver90_dinesh\vendor\compiled.php(8935): call_user_func(Object(Closure), Object(Illuminate\Http\Request))
#11 D:\xampp\htdocs\comco\ver90_dinesh\vendor\compiled.php(8334): Illuminate\Pipeline\Pipeline->then(Object(Closure))
#12 D:\xampp\htdocs\comco\ver90_dinesh\vendor\compiled.php(8320): Illuminate\Routing\ControllerDispatcher->callWithinStack(Object(App\Http\Controllers\sales\ShopController), Object(Illuminate\Routing\Route), Object(Illuminate\Http\Request), 'commissionbonus...')
#13 D:\xampp\htdocs\comco\ver90_dinesh\vendor\compiled.php(7317): Illuminate\Routing\ControllerDispatcher->dispatch(Object(Illuminate\Routing\Route), Object(Illuminate\Http\Request), 'App\\Http\\Contro...', 'commissionbonus...')
#14 D:\xampp\htdocs\comco\ver90_dinesh\vendor\compiled.php(7288): Illuminate\Routing\Route->runWithCustomDispatcher(Object(Illuminate\Http\Request))
#15 D:\xampp\htdocs\comco\ver90_dinesh\vendor\compiled.php(6954): Illuminate\Routing\Route->run(Object(Illuminate\Http\Request))
#16 [internal function]: Illuminate\Routing\Router->Illuminate\Routing\{closure}(Object(Illuminate\Http\Request))
#17 D:\xampp\htdocs\comco\ver90_dinesh\vendor\compiled.php(8952): call_user_func(Object(Closure), Object(Illuminate\Http\Request))
#18 [internal function]: Illuminate\Pipeline\Pipeline->Illuminate\Pipeline\{closure}(Object(Illuminate\Http\Request))
#19 D:\xampp\htdocs\comco\ver90_dinesh\vendor\compiled.php(8935): call_user_func(Object(Closure), Object(Illuminate\Http\Request))
#20 D:\xampp\htdocs\comco\ver90_dinesh\vendor\compiled.php(6955): Illuminate\Pipeline\Pipeline->then(Object(Closure))
#21 D:\xampp\htdocs\comco\ver90_dinesh\vendor\compiled.php(6944): Illuminate\Routing\Router->runRouteWithinStack(Object(Illuminate\Routing\Route), Object(Illuminate\Http\Request))
#22 D:\xampp\htdocs\comco\ver90_dinesh\vendor\compiled.php(6929): Illuminate\Routing\Router->dispatchToRoute(Object(Illuminate\Http\Request))
#23 D:\xampp\htdocs\comco\ver90_dinesh\vendor\compiled.php(1935): Illuminate\Routing\Router->dispatch(Object(Illuminate\Http\Request))
#24 [internal function]: Illuminate\Foundation\Http\Kernel->Illuminate\Foundation\Http\{closure}(Object(Illuminate\Http\Request))
#25 D:\xampp\htdocs\comco\ver90_dinesh\vendor\compiled.php(8952): call_user_func(Object(Closure), Object(Illuminate\Http\Request))
#26 D:\xampp\htdocs\comco\ver90_dinesh\vendor\compiled.php(12083): Illuminate\Pipeline\Pipeline->Illuminate\Pipeline\{closure}(Object(Illuminate\Http\Request))
#27 D:\xampp\htdocs\comco\ver90_dinesh\vendor\compiled.php(8944): Illuminate\View\Middleware\ShareErrorsFromSession->handle(Object(Illuminate\Http\Request), Object(Closure))
#28 D:\xampp\htdocs\comco\ver90_dinesh\vendor\compiled.php(10785): Illuminate\Pipeline\Pipeline->Illuminate\Pipeline\{closure}(Object(Illuminate\Http\Request))
#29 D:\xampp\htdocs\comco\ver90_dinesh\vendor\compiled.php(8944): Illuminate\Session\Middleware\StartSession->handle(Object(Illuminate\Http\Request), Object(Closure))
#30 D:\xampp\htdocs\comco\ver90_dinesh\vendor\compiled.php(11789): Illuminate\Pipeline\Pipeline->Illuminate\Pipeline\{closure}(Object(Illuminate\Http\Request))
#31 D:\xampp\htdocs\comco\ver90_dinesh\vendor\compiled.php(8944): Illuminate\Cookie\Middleware\AddQueuedCookiesToResponse->handle(Object(Illuminate\Http\Request), Object(Closure))
#32 D:\xampp\htdocs\comco\ver90_dinesh\vendor\compiled.php(11738): Illuminate\Pipeline\Pipeline->Illuminate\Pipeline\{closure}(Object(Illuminate\Http\Request))
#33 D:\xampp\htdocs\comco\ver90_dinesh\vendor\compiled.php(8944): Illuminate\Cookie\Middleware\EncryptCookies->handle(Object(Illuminate\Http\Request), Object(Closure))
#34 D:\xampp\htdocs\comco\ver90_dinesh\vendor\compiled.php(2478): Illuminate\Pipeline\Pipeline->Illuminate\Pipeline\{closure}(Object(Illuminate\Http\Request))
#35 D:\xampp\htdocs\comco\ver90_dinesh\vendor\compiled.php(8944): Illuminate\Foundation\Http\Middleware\CheckForMaintenanceMode->handle(Object(Illuminate\Http\Request), Object(Closure))
#36 [internal function]: Illuminate\Pipeline\Pipeline->Illuminate\Pipeline\{closure}(Object(Illuminate\Http\Request))
#37 D:\xampp\htdocs\comco\ver90_dinesh\vendor\compiled.php(8935): call_user_func(Object(Closure), Object(Illuminate\Http\Request))
#38 D:\xampp\htdocs\comco\ver90_dinesh\vendor\compiled.php(1891): Illuminate\Pipeline\Pipeline->then(Object(Closure))
#39 D:\xampp\htdocs\comco\ver90_dinesh\vendor\compiled.php(1880): Illuminate\Foundation\Http\Kernel->sendRequestThroughRouter(Object(Illuminate\Http\Request))
#40 D:\xampp\htdocs\comco\ver90_dinesh\index.php(53): Illuminate\Foundation\Http\Kernel->handle(Object(Illuminate\Http\Request))
#41 {main}  
[2020-07-10 06:53:06] local.ERROR: exception 'BadMethodCallException' with message 'Method [commissionbonuscheck] does not exist.' in D:\xampp\htdocs\comco\ver90_dinesh\vendor\compiled.php:8295
Stack trace:
#0 [internal function]: Illuminate\Routing\Controller->__call('commissionbonus...', Array)
#1 [internal function]: App\Http\Controllers\sales\ShopController->commissionbonuscheck()
#2 D:\xampp\htdocs\comco\ver90_dinesh\vendor\compiled.php(8287): call_user_func_array(Array, Array)
#3 D:\xampp\htdocs\comco\ver90_dinesh\vendor\compiled.php(8354): Illuminate\Routing\Controller->callAction('commissionbonus...', Array)
#4 D:\xampp\htdocs\comco\ver90_dinesh\vendor\compiled.php(8333): Illuminate\Routing\ControllerDispatcher->call(Object(App\Http\Controllers\sales\ShopController), Object(Illuminate\Routing\Route), 'commissionbonus...')
#5 [internal function]: Illuminate\Routing\ControllerDispatcher->Illuminate\Routing\{closure}(Object(Illuminate\Http\Request))
#6 D:\xampp\htdocs\comco\ver90_dinesh\vendor\compiled.php(8952): call_user_func(Object(Closure), Object(Illuminate\Http\Request))
#7 D:\xampp\htdocs\comco\ver90_dinesh\app\Http\Middleware\SalesAuthenticate.php(41): Illuminate\Pipeline\Pipeline->Illuminate\Pipeline\{closure}(Object(Illuminate\Http\Request))
#8 D:\xampp\htdocs\comco\ver90_dinesh\vendor\compiled.php(8944): App\Http\Middleware\SalesAuthenticate->handle(Object(Illuminate\Http\Request), Object(Closure))
#9 [internal function]: Illuminate\Pipeline\Pipeline->Illuminate\Pipeline\{closure}(Object(Illuminate\Http\Request))
#10 D:\xampp\htdocs\comco\ver90_dinesh\vendor\compiled.php(8935): call_user_func(Object(Closure), Object(Illuminate\Http\Request))
#11 D:\xampp\htdocs\comco\ver90_dinesh\vendor\compiled.php(8334): Illuminate\Pipeline\Pipeline->then(Object(Closure))
#12 D:\xampp\htdocs\comco\ver90_dinesh\vendor\compiled.php(8320): Illuminate\Routing\ControllerDispatcher->callWithinStack(Object(App\Http\Controllers\sales\ShopController), Object(Illuminate\Routing\Route), Object(Illuminate\Http\Request), 'commissionbonus...')
#13 D:\xampp\htdocs\comco\ver90_dinesh\vendor\compiled.php(7317): Illuminate\Routing\ControllerDispatcher->dispatch(Object(Illuminate\Routing\Route), Object(Illuminate\Http\Request), 'App\\Http\\Contro...', 'commissionbonus...')
#14 D:\xampp\htdocs\comco\ver90_dinesh\vendor\compiled.php(7288): Illuminate\Routing\Route->runWithCustomDispatcher(Object(Illuminate\Http\Request))
#15 D:\xampp\htdocs\comco\ver90_dinesh\vendor\compiled.php(6954): Illuminate\Routing\Route->run(Object(Illuminate\Http\Request))
#16 [internal function]: Illuminate\Routing\Router->Illuminate\Routing\{closure}(Object(Illuminate\Http\Request))
#17 D:\xampp\htdocs\comco\ver90_dinesh\vendor\compiled.php(8952): call_user_func(Object(Closure), Object(Illuminate\Http\Request))
#18 [internal function]: Illuminate\Pipeline\Pipeline->Illuminate\Pipeline\{closure}(Object(Illuminate\Http\Request))
#19 D:\xampp\htdocs\comco\ver90_dinesh\vendor\compiled.php(8935): call_user_func(Object(Closure), Object(Illuminate\Http\Request))
#20 D:\xampp\htdocs\comco\ver90_dinesh\vendor\compiled.php(6955): Illuminate\Pipeline\Pipeline->then(Object(Closure))
#21 D:\xampp\htdocs\comco\ver90_dinesh\vendor\compiled.php(6944): Illuminate\Routing\Router->runRouteWithinStack(Object(Illuminate\Routing\Route), Object(Illuminate\Http\Request))
#22 D:\xampp\htdocs\comco\ver90_dinesh\vendor\compiled.php(6929): Illuminate\Routing\Router->dispatchToRoute(Object(Illuminate\Http\Request))
#23 D:\xampp\htdocs\comco\ver90_dinesh\vendor\compiled.php(1935): Illuminate\Routing\Router->dispatch(Object(Illuminate\Http\Request))
#24 [internal function]: Illuminate\Foundation\Http\Kernel->Illuminate\Foundation\Http\{closure}(Object(Illuminate\Http\Request))
#25 D:\xampp\htdocs\comco\ver90_dinesh\vendor\compiled.php(8952): call_user_func(Object(Closure), Object(Illuminate\Http\Request))
#26 D:\xampp\htdocs\comco\ver90_dinesh\vendor\compiled.php(12083): Illuminate\Pipeline\Pipeline->Illuminate\Pipeline\{closure}(Object(Illuminate\Http\Request))
#27 D:\xampp\htdocs\comco\ver90_dinesh\vendor\compiled.php(8944): Illuminate\View\Middleware\ShareErrorsFromSession->handle(Object(Illuminate\Http\Request), Object(Closure))
#28 D:\xampp\htdocs\comco\ver90_dinesh\vendor\compiled.php(10785): Illuminate\Pipeline\Pipeline->Illuminate\Pipeline\{closure}(Object(Illuminate\Http\Request))
#29 D:\xampp\htdocs\comco\ver90_dinesh\vendor\compiled.php(8944): Illuminate\Session\Middleware\StartSession->handle(Object(Illuminate\Http\Request), Object(Closure))
#30 D:\xampp\htdocs\comco\ver90_dinesh\vendor\compiled.php(11789): Illuminate\Pipeline\Pipeline->Illuminate\Pipeline\{closure}(Object(Illuminate\Http\Request))
#31 D:\xampp\htdocs\comco\ver90_dinesh\vendor\compiled.php(8944): Illuminate\Cookie\Middleware\AddQueuedCookiesToResponse->handle(Object(Illuminate\Http\Request), Object(Closure))
#32 D:\xampp\htdocs\comco\ver90_dinesh\vendor\compiled.php(11738): Illuminate\Pipeline\Pipeline->Illuminate\Pipeline\{closure}(Object(Illuminate\Http\Request))
#33 D:\xampp\htdocs\comco\ver90_dinesh\vendor\compiled.php(8944): Illuminate\Cookie\Middleware\EncryptCookies->handle(Object(Illuminate\Http\Request), Object(Closure))
#34 D:\xampp\htdocs\comco\ver90_dinesh\vendor\compiled.php(2478): Illuminate\Pipeline\Pipeline->Illuminate\Pipeline\{closure}(Object(Illuminate\Http\Request))
#35 D:\xampp\htdocs\comco\ver90_dinesh\vendor\compiled.php(8944): Illuminate\Foundation\Http\Middleware\CheckForMaintenanceMode->handle(Object(Illuminate\Http\Request), Object(Closure))
#36 [internal function]: Illuminate\Pipeline\Pipeline->Illuminate\Pipeline\{closure}(Object(Illuminate\Http\Request))
#37 D:\xampp\htdocs\comco\ver90_dinesh\vendor\compiled.php(8935): call_user_func(Object(Closure), Object(Illuminate\Http\Request))
#38 D:\xampp\htdocs\comco\ver90_dinesh\vendor\compiled.php(1891): Illuminate\Pipeline\Pipeline->then(Object(Closure))
#39 D:\xampp\htdocs\comco\ver90_dinesh\vendor\compiled.php(1880): Illuminate\Foundation\Http\Kernel->sendRequestThroughRouter(Object(Illuminate\Http\Request))
#40 D:\xampp\htdocs\comco\ver90_dinesh\index.php(53): Illuminate\Foundation\Http\Kernel->handle(Object(Illuminate\Http\Request))
#41 {main}  
[2020-07-10 08:21:32] local.ERROR: exception 'ErrorException' with message 'Trying to get property of non-object' in D:\xampp\htdocs\comco\ver90_dinesh\app\Http\Controllers\sales\AccessoriesController.php:222
Stack trace:
#0 D:\xampp\htdocs\comco\ver90_dinesh\app\Http\Controllers\sales\AccessoriesController.php(222): Illuminate\Foundation\Bootstrap\HandleExceptions->handleError(8, 'Trying to get p...', 'D:\\xampp\\htdocs...', 222, Array)
#1 [internal function]: App\Http\Controllers\sales\AccessoriesController->coupondiscount()
#2 D:\xampp\htdocs\comco\ver90_dinesh\vendor\compiled.php(8287): call_user_func_array(Array, Array)
#3 D:\xampp\htdocs\comco\ver90_dinesh\vendor\compiled.php(8354): Illuminate\Routing\Controller->callAction('coupondiscount', Array)
#4 D:\xampp\htdocs\comco\ver90_dinesh\vendor\compiled.php(8333): Illuminate\Routing\ControllerDispatcher->call(Object(App\Http\Controllers\sales\AccessoriesController), Object(Illuminate\Routing\Route), 'coupondiscount')
#5 [internal function]: Illuminate\Routing\ControllerDispatcher->Illuminate\Routing\{closure}(Object(Illuminate\Http\Request))
#6 D:\xampp\htdocs\comco\ver90_dinesh\vendor\compiled.php(8952): call_user_func(Object(Closure), Object(Illuminate\Http\Request))
#7 D:\xampp\htdocs\comco\ver90_dinesh\app\Http\Middleware\SalesAuthenticate.php(41): Illuminate\Pipeline\Pipeline->Illuminate\Pipeline\{closure}(Object(Illuminate\Http\Request))
#8 D:\xampp\htdocs\comco\ver90_dinesh\vendor\compiled.php(8944): App\Http\Middleware\SalesAuthenticate->handle(Object(Illuminate\Http\Request), Object(Closure))
#9 [internal function]: Illuminate\Pipeline\Pipeline->Illuminate\Pipeline\{closure}(Object(Illuminate\Http\Request))
#10 D:\xampp\htdocs\comco\ver90_dinesh\vendor\compiled.php(8935): call_user_func(Object(Closure), Object(Illuminate\Http\Request))
#11 D:\xampp\htdocs\comco\ver90_dinesh\vendor\compiled.php(8334): Illuminate\Pipeline\Pipeline->then(Object(Closure))
#12 D:\xampp\htdocs\comco\ver90_dinesh\vendor\compiled.php(8320): Illuminate\Routing\ControllerDispatcher->callWithinStack(Object(App\Http\Controllers\sales\AccessoriesController), Object(Illuminate\Routing\Route), Object(Illuminate\Http\Request), 'coupondiscount')
#13 D:\xampp\htdocs\comco\ver90_dinesh\vendor\compiled.php(7317): Illuminate\Routing\ControllerDispatcher->dispatch(Object(Illuminate\Routing\Route), Object(Illuminate\Http\Request), 'App\\Http\\Contro...', 'coupondiscount')
#14 D:\xampp\htdocs\comco\ver90_dinesh\vendor\compiled.php(7288): Illuminate\Routing\Route->runWithCustomDispatcher(Object(Illuminate\Http\Request))
#15 D:\xampp\htdocs\comco\ver90_dinesh\vendor\compiled.php(6954): Illuminate\Routing\Route->run(Object(Illuminate\Http\Request))
#16 [internal function]: Illuminate\Routing\Router->Illuminate\Routing\{closure}(Object(Illuminate\Http\Request))
#17 D:\xampp\htdocs\comco\ver90_dinesh\vendor\compiled.php(8952): call_user_func(Object(Closure), Object(Illuminate\Http\Request))
#18 [internal function]: Illuminate\Pipeline\Pipeline->Illuminate\Pipeline\{closure}(Object(Illuminate\Http\Request))
#19 D:\xampp\htdocs\comco\ver90_dinesh\vendor\compiled.php(8935): call_user_func(Object(Closure), Object(Illuminate\Http\Request))
#20 D:\xampp\htdocs\comco\ver90_dinesh\vendor\compiled.php(6955): Illuminate\Pipeline\Pipeline->then(Object(Closure))
#21 D:\xampp\htdocs\comco\ver90_dinesh\vendor\compiled.php(6944): Illuminate\Routing\Router->runRouteWithinStack(Object(Illuminate\Routing\Route), Object(Illuminate\Http\Request))
#22 D:\xampp\htdocs\comco\ver90_dinesh\vendor\compiled.php(6929): Illuminate\Routing\Router->dispatchToRoute(Object(Illuminate\Http\Request))
#23 D:\xampp\htdocs\comco\ver90_dinesh\vendor\compiled.php(1935): Illuminate\Routing\Router->dispatch(Object(Illuminate\Http\Request))
#24 [internal function]: Illuminate\Foundation\Http\Kernel->Illuminate\Foundation\Http\{closure}(Object(Illuminate\Http\Request))
#25 D:\xampp\htdocs\comco\ver90_dinesh\vendor\compiled.php(8952): call_user_func(Object(Closure), Object(Illuminate\Http\Request))
#26 D:\xampp\htdocs\comco\ver90_dinesh\vendor\compiled.php(12083): Illuminate\Pipeline\Pipeline->Illuminate\Pipeline\{closure}(Object(Illuminate\Http\Request))
#27 D:\xampp\htdocs\comco\ver90_dinesh\vendor\compiled.php(8944): Illuminate\View\Middleware\ShareErrorsFromSession->handle(Object(Illuminate\Http\Request), Object(Closure))
#28 D:\xampp\htdocs\comco\ver90_dinesh\vendor\compiled.php(10785): Illuminate\Pipeline\Pipeline->Illuminate\Pipeline\{closure}(Object(Illuminate\Http\Request))
#29 D:\xampp\htdocs\comco\ver90_dinesh\vendor\compiled.php(8944): Illuminate\Session\Middleware\StartSession->handle(Object(Illuminate\Http\Request), Object(Closure))
#30 D:\xampp\htdocs\comco\ver90_dinesh\vendor\compiled.php(11789): Illuminate\Pipeline\Pipeline->Illuminate\Pipeline\{closure}(Object(Illuminate\Http\Request))
#31 D:\xampp\htdocs\comco\ver90_dinesh\vendor\compiled.php(8944): Illuminate\Cookie\Middleware\AddQueuedCookiesToResponse->handle(Object(Illuminate\Http\Request), Object(Closure))
#32 D:\xampp\htdocs\comco\ver90_dinesh\vendor\compiled.php(11738): Illuminate\Pipeline\Pipeline->Illuminate\Pipeline\{closure}(Object(Illuminate\Http\Request))
#33 D:\xampp\htdocs\comco\ver90_dinesh\vendor\compiled.php(8944): Illuminate\Cookie\Middleware\EncryptCookies->handle(Object(Illuminate\Http\Request), Object(Closure))
#34 D:\xampp\htdocs\comco\ver90_dinesh\vendor\compiled.php(2478): Illuminate\Pipeline\Pipeline->Illuminate\Pipeline\{closure}(Object(Illuminate\Http\Request))
#35 D:\xampp\htdocs\comco\ver90_dinesh\vendor\compiled.php(8944): Illuminate\Foundation\Http\Middleware\CheckForMaintenanceMode->handle(Object(Illuminate\Http\Request), Object(Closure))
#36 [internal function]: Illuminate\Pipeline\Pipeline->Illuminate\Pipeline\{closure}(Object(Illuminate\Http\Request))
#37 D:\xampp\htdocs\comco\ver90_dinesh\vendor\compiled.php(8935): call_user_func(Object(Closure), Object(Illuminate\Http\Request))
#38 D:\xampp\htdocs\comco\ver90_dinesh\vendor\compiled.php(1891): Illuminate\Pipeline\Pipeline->then(Object(Closure))
#39 D:\xampp\htdocs\comco\ver90_dinesh\vendor\compiled.php(1880): Illuminate\Foundation\Http\Kernel->sendRequestThroughRouter(Object(Illuminate\Http\Request))
#40 D:\xampp\htdocs\comco\ver90_dinesh\index.php(53): Illuminate\Foundation\Http\Kernel->handle(Object(Illuminate\Http\Request))
#41 {main}  
[2020-07-10 08:29:02] local.ERROR: exception 'ErrorException' with message 'Undefined index: shop_id' in D:\xampp\htdocs\comco\ver90_dinesh\app\Http\Controllers\sales\AccessoriesController.php:481
Stack trace:
#0 D:\xampp\htdocs\comco\ver90_dinesh\app\Http\Controllers\sales\AccessoriesController.php(481): Illuminate\Foundation\Bootstrap\HandleExceptions->handleError(8, 'Undefined index...', 'D:\\xampp\\htdocs...', 481, Array)
#1 [internal function]: App\Http\Controllers\sales\AccessoriesController->commissionbonuscheck()
#2 D:\xampp\htdocs\comco\ver90_dinesh\vendor\compiled.php(8287): call_user_func_array(Array, Array)
#3 D:\xampp\htdocs\comco\ver90_dinesh\vendor\compiled.php(8354): Illuminate\Routing\Controller->callAction('commissionbonus...', Array)
#4 D:\xampp\htdocs\comco\ver90_dinesh\vendor\compiled.php(8333): Illuminate\Routing\ControllerDispatcher->call(Object(App\Http\Controllers\sales\AccessoriesController), Object(Illuminate\Routing\Route), 'commissionbonus...')
#5 [internal function]: Illuminate\Routing\ControllerDispatcher->Illuminate\Routing\{closure}(Object(Illuminate\Http\Request))
#6 D:\xampp\htdocs\comco\ver90_dinesh\vendor\compiled.php(8952): call_user_func(Object(Closure), Object(Illuminate\Http\Request))
#7 D:\xampp\htdocs\comco\ver90_dinesh\app\Http\Middleware\SalesAuthenticate.php(41): Illuminate\Pipeline\Pipeline->Illuminate\Pipeline\{closure}(Object(Illuminate\Http\Request))
#8 D:\xampp\htdocs\comco\ver90_dinesh\vendor\compiled.php(8944): App\Http\Middleware\SalesAuthenticate->handle(Object(Illuminate\Http\Request), Object(Closure))
#9 [internal function]: Illuminate\Pipeline\Pipeline->Illuminate\Pipeline\{closure}(Object(Illuminate\Http\Request))
#10 D:\xampp\htdocs\comco\ver90_dinesh\vendor\compiled.php(8935): call_user_func(Object(Closure), Object(Illuminate\Http\Request))
#11 D:\xampp\htdocs\comco\ver90_dinesh\vendor\compiled.php(8334): Illuminate\Pipeline\Pipeline->then(Object(Closure))
#12 D:\xampp\htdocs\comco\ver90_dinesh\vendor\compiled.php(8320): Illuminate\Routing\ControllerDispatcher->callWithinStack(Object(App\Http\Controllers\sales\AccessoriesController), Object(Illuminate\Routing\Route), Object(Illuminate\Http\Request), 'commissionbonus...')
#13 D:\xampp\htdocs\comco\ver90_dinesh\vendor\compiled.php(7317): Illuminate\Routing\ControllerDispatcher->dispatch(Object(Illuminate\Routing\Route), Object(Illuminate\Http\Request), 'App\\Http\\Contro...', 'commissionbonus...')
#14 D:\xampp\htdocs\comco\ver90_dinesh\vendor\compiled.php(7288): Illuminate\Routing\Route->runWithCustomDispatcher(Object(Illuminate\Http\Request))
#15 D:\xampp\htdocs\comco\ver90_dinesh\vendor\compiled.php(6954): Illuminate\Routing\Route->run(Object(Illuminate\Http\Request))
#16 [internal function]: Illuminate\Routing\Router->Illuminate\Routing\{closure}(Object(Illuminate\Http\Request))
#17 D:\xampp\htdocs\comco\ver90_dinesh\vendor\compiled.php(8952): call_user_func(Object(Closure), Object(Illuminate\Http\Request))
#18 [internal function]: Illuminate\Pipeline\Pipeline->Illuminate\Pipeline\{closure}(Object(Illuminate\Http\Request))
#19 D:\xampp\htdocs\comco\ver90_dinesh\vendor\compiled.php(8935): call_user_func(Object(Closure), Object(Illuminate\Http\Request))
#20 D:\xampp\htdocs\comco\ver90_dinesh\vendor\compiled.php(6955): Illuminate\Pipeline\Pipeline->then(Object(Closure))
#21 D:\xampp\htdocs\comco\ver90_dinesh\vendor\compiled.php(6944): Illuminate\Routing\Router->runRouteWithinStack(Object(Illuminate\Routing\Route), Object(Illuminate\Http\Request))
#22 D:\xampp\htdocs\comco\ver90_dinesh\vendor\compiled.php(6929): Illuminate\Routing\Router->dispatchToRoute(Object(Illuminate\Http\Request))
#23 D:\xampp\htdocs\comco\ver90_dinesh\vendor\compiled.php(1935): Illuminate\Routing\Router->dispatch(Object(Illuminate\Http\Request))
#24 [internal function]: Illuminate\Foundation\Http\Kernel->Illuminate\Foundation\Http\{closure}(Object(Illuminate\Http\Request))
#25 D:\xampp\htdocs\comco\ver90_dinesh\vendor\compiled.php(8952): call_user_func(Object(Closure), Object(Illuminate\Http\Request))
#26 D:\xampp\htdocs\comco\ver90_dinesh\vendor\compiled.php(12083): Illuminate\Pipeline\Pipeline->Illuminate\Pipeline\{closure}(Object(Illuminate\Http\Request))
#27 D:\xampp\htdocs\comco\ver90_dinesh\vendor\compiled.php(8944): Illuminate\View\Middleware\ShareErrorsFromSession->handle(Object(Illuminate\Http\Request), Object(Closure))
#28 D:\xampp\htdocs\comco\ver90_dinesh\vendor\compiled.php(10785): Illuminate\Pipeline\Pipeline->Illuminate\Pipeline\{closure}(Object(Illuminate\Http\Request))
#29 D:\xampp\htdocs\comco\ver90_dinesh\vendor\compiled.php(8944): Illuminate\Session\Middleware\StartSession->handle(Object(Illuminate\Http\Request), Object(Closure))
#30 D:\xampp\htdocs\comco\ver90_dinesh\vendor\compiled.php(11789): Illuminate\Pipeline\Pipeline->Illuminate\Pipeline\{closure}(Object(Illuminate\Http\Request))
#31 D:\xampp\htdocs\comco\ver90_dinesh\vendor\compiled.php(8944): Illuminate\Cookie\Middleware\AddQueuedCookiesToResponse->handle(Object(Illuminate\Http\Request), Object(Closure))
#32 D:\xampp\htdocs\comco\ver90_dinesh\vendor\compiled.php(11738): Illuminate\Pipeline\Pipeline->Illuminate\Pipeline\{closure}(Object(Illuminate\Http\Request))
#33 D:\xampp\htdocs\comco\ver90_dinesh\vendor\compiled.php(8944): Illuminate\Cookie\Middleware\EncryptCookies->handle(Object(Illuminate\Http\Request), Object(Closure))
#34 D:\xampp\htdocs\comco\ver90_dinesh\vendor\compiled.php(2478): Illuminate\Pipeline\Pipeline->Illuminate\Pipeline\{closure}(Object(Illuminate\Http\Request))
#35 D:\xampp\htdocs\comco\ver90_dinesh\vendor\compiled.php(8944): Illuminate\Foundation\Http\Middleware\CheckForMaintenanceMode->handle(Object(Illuminate\Http\Request), Object(Closure))
#36 [internal function]: Illuminate\Pipeline\Pipeline->Illuminate\Pipeline\{closure}(Object(Illuminate\Http\Request))
#37 D:\xampp\htdocs\comco\ver90_dinesh\vendor\compiled.php(8935): call_user_func(Object(Closure), Object(Illuminate\Http\Request))
#38 D:\xampp\htdocs\comco\ver90_dinesh\vendor\compiled.php(1891): Illuminate\Pipeline\Pipeline->then(Object(Closure))
#39 D:\xampp\htdocs\comco\ver90_dinesh\vendor\compiled.php(1880): Illuminate\Foundation\Http\Kernel->sendRequestThroughRouter(Object(Illuminate\Http\Request))
#40 D:\xampp\htdocs\comco\ver90_dinesh\index.php(53): Illuminate\Foundation\Http\Kernel->handle(Object(Illuminate\Http\Request))
#41 {main}  
[2020-07-10 08:38:34] local.ERROR: exception 'ErrorException' with message 'Trying to get property of non-object' in D:\xampp\htdocs\comco\ver90_dinesh\app\Http\Controllers\sales\AccessoriesController.php:222
Stack trace:
#0 D:\xampp\htdocs\comco\ver90_dinesh\app\Http\Controllers\sales\AccessoriesController.php(222): Illuminate\Foundation\Bootstrap\HandleExceptions->handleError(8, 'Trying to get p...', 'D:\\xampp\\htdocs...', 222, Array)
#1 [internal function]: App\Http\Controllers\sales\AccessoriesController->coupondiscount()
#2 D:\xampp\htdocs\comco\ver90_dinesh\vendor\compiled.php(8287): call_user_func_array(Array, Array)
#3 D:\xampp\htdocs\comco\ver90_dinesh\vendor\compiled.php(8354): Illuminate\Routing\Controller->callAction('coupondiscount', Array)
#4 D:\xampp\htdocs\comco\ver90_dinesh\vendor\compiled.php(8333): Illuminate\Routing\ControllerDispatcher->call(Object(App\Http\Controllers\sales\AccessoriesController), Object(Illuminate\Routing\Route), 'coupondiscount')
#5 [internal function]: Illuminate\Routing\ControllerDispatcher->Illuminate\Routing\{closure}(Object(Illuminate\Http\Request))
#6 D:\xampp\htdocs\comco\ver90_dinesh\vendor\compiled.php(8952): call_user_func(Object(Closure), Object(Illuminate\Http\Request))
#7 D:\xampp\htdocs\comco\ver90_dinesh\app\Http\Middleware\SalesAuthenticate.php(41): Illuminate\Pipeline\Pipeline->Illuminate\Pipeline\{closure}(Object(Illuminate\Http\Request))
#8 D:\xampp\htdocs\comco\ver90_dinesh\vendor\compiled.php(8944): App\Http\Middleware\SalesAuthenticate->handle(Object(Illuminate\Http\Request), Object(Closure))
#9 [internal function]: Illuminate\Pipeline\Pipeline->Illuminate\Pipeline\{closure}(Object(Illuminate\Http\Request))
#10 D:\xampp\htdocs\comco\ver90_dinesh\vendor\compiled.php(8935): call_user_func(Object(Closure), Object(Illuminate\Http\Request))
#11 D:\xampp\htdocs\comco\ver90_dinesh\vendor\compiled.php(8334): Illuminate\Pipeline\Pipeline->then(Object(Closure))
#12 D:\xampp\htdocs\comco\ver90_dinesh\vendor\compiled.php(8320): Illuminate\Routing\ControllerDispatcher->callWithinStack(Object(App\Http\Controllers\sales\AccessoriesController), Object(Illuminate\Routing\Route), Object(Illuminate\Http\Request), 'coupondiscount')
#13 D:\xampp\htdocs\comco\ver90_dinesh\vendor\compiled.php(7317): Illuminate\Routing\ControllerDispatcher->dispatch(Object(Illuminate\Routing\Route), Object(Illuminate\Http\Request), 'App\\Http\\Contro...', 'coupondiscount')
#14 D:\xampp\htdocs\comco\ver90_dinesh\vendor\compiled.php(7288): Illuminate\Routing\Route->runWithCustomDispatcher(Object(Illuminate\Http\Request))
#15 D:\xampp\htdocs\comco\ver90_dinesh\vendor\compiled.php(6954): Illuminate\Routing\Route->run(Object(Illuminate\Http\Request))
#16 [internal function]: Illuminate\Routing\Router->Illuminate\Routing\{closure}(Object(Illuminate\Http\Request))
#17 D:\xampp\htdocs\comco\ver90_dinesh\vendor\compiled.php(8952): call_user_func(Object(Closure), Object(Illuminate\Http\Request))
#18 [internal function]: Illuminate\Pipeline\Pipeline->Illuminate\Pipeline\{closure}(Object(Illuminate\Http\Request))
#19 D:\xampp\htdocs\comco\ver90_dinesh\vendor\compiled.php(8935): call_user_func(Object(Closure), Object(Illuminate\Http\Request))
#20 D:\xampp\htdocs\comco\ver90_dinesh\vendor\compiled.php(6955): Illuminate\Pipeline\Pipeline->then(Object(Closure))
#21 D:\xampp\htdocs\comco\ver90_dinesh\vendor\compiled.php(6944): Illuminate\Routing\Router->runRouteWithinStack(Object(Illuminate\Routing\Route), Object(Illuminate\Http\Request))
#22 D:\xampp\htdocs\comco\ver90_dinesh\vendor\compiled.php(6929): Illuminate\Routing\Router->dispatchToRoute(Object(Illuminate\Http\Request))
#23 D:\xampp\htdocs\comco\ver90_dinesh\vendor\compiled.php(1935): Illuminate\Routing\Router->dispatch(Object(Illuminate\Http\Request))
#24 [internal function]: Illuminate\Foundation\Http\Kernel->Illuminate\Foundation\Http\{closure}(Object(Illuminate\Http\Request))
#25 D:\xampp\htdocs\comco\ver90_dinesh\vendor\compiled.php(8952): call_user_func(Object(Closure), Object(Illuminate\Http\Request))
#26 D:\xampp\htdocs\comco\ver90_dinesh\vendor\compiled.php(12083): Illuminate\Pipeline\Pipeline->Illuminate\Pipeline\{closure}(Object(Illuminate\Http\Request))
#27 D:\xampp\htdocs\comco\ver90_dinesh\vendor\compiled.php(8944): Illuminate\View\Middleware\ShareErrorsFromSession->handle(Object(Illuminate\Http\Request), Object(Closure))
#28 D:\xampp\htdocs\comco\ver90_dinesh\vendor\compiled.php(10785): Illuminate\Pipeline\Pipeline->Illuminate\Pipeline\{closure}(Object(Illuminate\Http\Request))
#29 D:\xampp\htdocs\comco\ver90_dinesh\vendor\compiled.php(8944): Illuminate\Session\Middleware\StartSession->handle(Object(Illuminate\Http\Request), Object(Closure))
#30 D:\xampp\htdocs\comco\ver90_dinesh\vendor\compiled.php(11789): Illuminate\Pipeline\Pipeline->Illuminate\Pipeline\{closure}(Object(Illuminate\Http\Request))
#31 D:\xampp\htdocs\comco\ver90_dinesh\vendor\compiled.php(8944): Illuminate\Cookie\Middleware\AddQueuedCookiesToResponse->handle(Object(Illuminate\Http\Request), Object(Closure))
#32 D:\xampp\htdocs\comco\ver90_dinesh\vendor\compiled.php(11738): Illuminate\Pipeline\Pipeline->Illuminate\Pipeline\{closure}(Object(Illuminate\Http\Request))
#33 D:\xampp\htdocs\comco\ver90_dinesh\vendor\compiled.php(8944): Illuminate\Cookie\Middleware\EncryptCookies->handle(Object(Illuminate\Http\Request), Object(Closure))
#34 D:\xampp\htdocs\comco\ver90_dinesh\vendor\compiled.php(2478): Illuminate\Pipeline\Pipeline->Illuminate\Pipeline\{closure}(Object(Illuminate\Http\Request))
#35 D:\xampp\htdocs\comco\ver90_dinesh\vendor\compiled.php(8944): Illuminate\Foundation\Http\Middleware\CheckForMaintenanceMode->handle(Object(Illuminate\Http\Request), Object(Closure))
#36 [internal function]: Illuminate\Pipeline\Pipeline->Illuminate\Pipeline\{closure}(Object(Illuminate\Http\Request))
#37 D:\xampp\htdocs\comco\ver90_dinesh\vendor\compiled.php(8935): call_user_func(Object(Closure), Object(Illuminate\Http\Request))
#38 D:\xampp\htdocs\comco\ver90_dinesh\vendor\compiled.php(1891): Illuminate\Pipeline\Pipeline->then(Object(Closure))
#39 D:\xampp\htdocs\comco\ver90_dinesh\vendor\compiled.php(1880): Illuminate\Foundation\Http\Kernel->sendRequestThroughRouter(Object(Illuminate\Http\Request))
#40 D:\xampp\htdocs\comco\ver90_dinesh\index.php(53): Illuminate\Foundation\Http\Kernel->handle(Object(Illuminate\Http\Request))
#41 {main}  
[2020-07-10 11:51:55] local.ERROR: exception 'ErrorException' with message 'Undefined variable: pending_bonus' in D:\xampp\htdocs\comco\ver91_dinesh\app\Http\Controllers\sales\AccessoriesController.php:514
Stack trace:
#0 D:\xampp\htdocs\comco\ver91_dinesh\app\Http\Controllers\sales\AccessoriesController.php(514): Illuminate\Foundation\Bootstrap\HandleExceptions->handleError(8, 'Undefined varia...', 'D:\\xampp\\htdocs...', 514, Array)
#1 [internal function]: App\Http\Controllers\sales\AccessoriesController->commissionbonuscheck()
#2 D:\xampp\htdocs\comco\ver91_dinesh\vendor\compiled.php(8287): call_user_func_array(Array, Array)
#3 D:\xampp\htdocs\comco\ver91_dinesh\vendor\compiled.php(8354): Illuminate\Routing\Controller->callAction('commissionbonus...', Array)
#4 D:\xampp\htdocs\comco\ver91_dinesh\vendor\compiled.php(8333): Illuminate\Routing\ControllerDispatcher->call(Object(App\Http\Controllers\sales\AccessoriesController), Object(Illuminate\Routing\Route), 'commissionbonus...')
#5 [internal function]: Illuminate\Routing\ControllerDispatcher->Illuminate\Routing\{closure}(Object(Illuminate\Http\Request))
#6 D:\xampp\htdocs\comco\ver91_dinesh\vendor\compiled.php(8952): call_user_func(Object(Closure), Object(Illuminate\Http\Request))
#7 D:\xampp\htdocs\comco\ver91_dinesh\app\Http\Middleware\SalesAuthenticate.php(41): Illuminate\Pipeline\Pipeline->Illuminate\Pipeline\{closure}(Object(Illuminate\Http\Request))
#8 D:\xampp\htdocs\comco\ver91_dinesh\vendor\compiled.php(8944): App\Http\Middleware\SalesAuthenticate->handle(Object(Illuminate\Http\Request), Object(Closure))
#9 [internal function]: Illuminate\Pipeline\Pipeline->Illuminate\Pipeline\{closure}(Object(Illuminate\Http\Request))
#10 D:\xampp\htdocs\comco\ver91_dinesh\vendor\compiled.php(8935): call_user_func(Object(Closure), Object(Illuminate\Http\Request))
#11 D:\xampp\htdocs\comco\ver91_dinesh\vendor\compiled.php(8334): Illuminate\Pipeline\Pipeline->then(Object(Closure))
#12 D:\xampp\htdocs\comco\ver91_dinesh\vendor\compiled.php(8320): Illuminate\Routing\ControllerDispatcher->callWithinStack(Object(App\Http\Controllers\sales\AccessoriesController), Object(Illuminate\Routing\Route), Object(Illuminate\Http\Request), 'commissionbonus...')
#13 D:\xampp\htdocs\comco\ver91_dinesh\vendor\compiled.php(7317): Illuminate\Routing\ControllerDispatcher->dispatch(Object(Illuminate\Routing\Route), Object(Illuminate\Http\Request), 'App\\Http\\Contro...', 'commissionbonus...')
#14 D:\xampp\htdocs\comco\ver91_dinesh\vendor\compiled.php(7288): Illuminate\Routing\Route->runWithCustomDispatcher(Object(Illuminate\Http\Request))
#15 D:\xampp\htdocs\comco\ver91_dinesh\vendor\compiled.php(6954): Illuminate\Routing\Route->run(Object(Illuminate\Http\Request))
#16 [internal function]: Illuminate\Routing\Router->Illuminate\Routing\{closure}(Object(Illuminate\Http\Request))
#17 D:\xampp\htdocs\comco\ver91_dinesh\vendor\compiled.php(8952): call_user_func(Object(Closure), Object(Illuminate\Http\Request))
#18 [internal function]: Illuminate\Pipeline\Pipeline->Illuminate\Pipeline\{closure}(Object(Illuminate\Http\Request))
#19 D:\xampp\htdocs\comco\ver91_dinesh\vendor\compiled.php(8935): call_user_func(Object(Closure), Object(Illuminate\Http\Request))
#20 D:\xampp\htdocs\comco\ver91_dinesh\vendor\compiled.php(6955): Illuminate\Pipeline\Pipeline->then(Object(Closure))
#21 D:\xampp\htdocs\comco\ver91_dinesh\vendor\compiled.php(6944): Illuminate\Routing\Router->runRouteWithinStack(Object(Illuminate\Routing\Route), Object(Illuminate\Http\Request))
#22 D:\xampp\htdocs\comco\ver91_dinesh\vendor\compiled.php(6929): Illuminate\Routing\Router->dispatchToRoute(Object(Illuminate\Http\Request))
#23 D:\xampp\htdocs\comco\ver91_dinesh\vendor\compiled.php(1935): Illuminate\Routing\Router->dispatch(Object(Illuminate\Http\Request))
#24 [internal function]: Illuminate\Foundation\Http\Kernel->Illuminate\Foundation\Http\{closure}(Object(Illuminate\Http\Request))
#25 D:\xampp\htdocs\comco\ver91_dinesh\vendor\compiled.php(8952): call_user_func(Object(Closure), Object(Illuminate\Http\Request))
#26 D:\xampp\htdocs\comco\ver91_dinesh\vendor\compiled.php(12083): Illuminate\Pipeline\Pipeline->Illuminate\Pipeline\{closure}(Object(Illuminate\Http\Request))
#27 D:\xampp\htdocs\comco\ver91_dinesh\vendor\compiled.php(8944): Illuminate\View\Middleware\ShareErrorsFromSession->handle(Object(Illuminate\Http\Request), Object(Closure))
#28 D:\xampp\htdocs\comco\ver91_dinesh\vendor\compiled.php(10785): Illuminate\Pipeline\Pipeline->Illuminate\Pipeline\{closure}(Object(Illuminate\Http\Request))
#29 D:\xampp\htdocs\comco\ver91_dinesh\vendor\compiled.php(8944): Illuminate\Session\Middleware\StartSession->handle(Object(Illuminate\Http\Request), Object(Closure))
#30 D:\xampp\htdocs\comco\ver91_dinesh\vendor\compiled.php(11789): Illuminate\Pipeline\Pipeline->Illuminate\Pipeline\{closure}(Object(Illuminate\Http\Request))
#31 D:\xampp\htdocs\comco\ver91_dinesh\vendor\compiled.php(8944): Illuminate\Cookie\Middleware\AddQueuedCookiesToResponse->handle(Object(Illuminate\Http\Request), Object(Closure))
#32 D:\xampp\htdocs\comco\ver91_dinesh\vendor\compiled.php(11738): Illuminate\Pipeline\Pipeline->Illuminate\Pipeline\{closure}(Object(Illuminate\Http\Request))
#33 D:\xampp\htdocs\comco\ver91_dinesh\vendor\compiled.php(8944): Illuminate\Cookie\Middleware\EncryptCookies->handle(Object(Illuminate\Http\Request), Object(Closure))
#34 D:\xampp\htdocs\comco\ver91_dinesh\vendor\compiled.php(2478): Illuminate\Pipeline\Pipeline->Illuminate\Pipeline\{closure}(Object(Illuminate\Http\Request))
#35 D:\xampp\htdocs\comco\ver91_dinesh\vendor\compiled.php(8944): Illuminate\Foundation\Http\Middleware\CheckForMaintenanceMode->handle(Object(Illuminate\Http\Request), Object(Closure))
#36 [internal function]: Illuminate\Pipeline\Pipeline->Illuminate\Pipeline\{closure}(Object(Illuminate\Http\Request))
#37 D:\xampp\htdocs\comco\ver91_dinesh\vendor\compiled.php(8935): call_user_func(Object(Closure), Object(Illuminate\Http\Request))
#38 D:\xampp\htdocs\comco\ver91_dinesh\vendor\compiled.php(1891): Illuminate\Pipeline\Pipeline->then(Object(Closure))
#39 D:\xampp\htdocs\comco\ver91_dinesh\vendor\compiled.php(1880): Illuminate\Foundation\Http\Kernel->sendRequestThroughRouter(Object(Illuminate\Http\Request))
#40 D:\xampp\htdocs\comco\ver91_dinesh\index.php(53): Illuminate\Foundation\Http\Kernel->handle(Object(Illuminate\Http\Request))
#41 {main}  
[2020-07-10 06:55:33] local.ERROR: exception 'Symfony\Component\Debug\Exception\FatalErrorException' with message 'syntax error, unexpected 'exit' (T_EXIT), expecting ',' or ';'' in D:\xampp\htdocs\comco\ver91_dinesh\app\Http\Controllers\sales\AccessoriesController.php:513
Stack trace:
#0 {main}  
[2020-07-10 06:55:33] local.ERROR: exception 'Symfony\Component\Debug\Exception\FatalErrorException' with message 'syntax error, unexpected 'exit' (T_EXIT), expecting ',' or ';'' in D:\xampp\htdocs\comco\ver91_dinesh\app\Http\Controllers\sales\AccessoriesController.php:513
Stack trace:
#0 {main}  
[2020-07-10 06:55:49] local.ERROR: exception 'Symfony\Component\Debug\Exception\FatalErrorException' with message 'syntax error, unexpected 'else' (T_ELSE)' in D:\xampp\htdocs\comco\ver91_dinesh\app\Http\Controllers\sales\AccessoriesController.php:514
Stack trace:
#0 {main}  
[2020-07-10 06:55:50] local.ERROR: exception 'Symfony\Component\Debug\Exception\FatalErrorException' with message 'syntax error, unexpected 'else' (T_ELSE)' in D:\xampp\htdocs\comco\ver91_dinesh\app\Http\Controllers\sales\AccessoriesController.php:514
Stack trace:
#0 {main}  
[2020-07-10 12:01:19] local.ERROR: exception 'Symfony\Component\Debug\Exception\FatalErrorException' with message 'Call to undefined function number_format_invoice()' in D:\xampp\htdocs\comco\ver91_dinesh\storage\framework\views\24c5292ad40afad55eaa017b0112f8bb:598
Stack trace:
#0 {main}  
[2020-07-10 12:14:22] local.ERROR: exception 'ErrorException' with message 'Trying to get property of non-object' in D:\xampp\htdocs\comco\ver91_dinesh\app\Http\Controllers\sales\AccessoriesController.php:343
Stack trace:
#0 D:\xampp\htdocs\comco\ver91_dinesh\app\Http\Controllers\sales\AccessoriesController.php(343): Illuminate\Foundation\Bootstrap\HandleExceptions->handleError(8, 'Trying to get p...', 'D:\\xampp\\htdocs...', 343, Array)
#1 [internal function]: App\Http\Controllers\sales\AccessoriesController->orderconfirm()
#2 D:\xampp\htdocs\comco\ver91_dinesh\vendor\compiled.php(8287): call_user_func_array(Array, Array)
#3 D:\xampp\htdocs\comco\ver91_dinesh\vendor\compiled.php(8354): Illuminate\Routing\Controller->callAction('orderconfirm', Array)
#4 D:\xampp\htdocs\comco\ver91_dinesh\vendor\compiled.php(8333): Illuminate\Routing\ControllerDispatcher->call(Object(App\Http\Controllers\sales\AccessoriesController), Object(Illuminate\Routing\Route), 'orderconfirm')
#5 [internal function]: Illuminate\Routing\ControllerDispatcher->Illuminate\Routing\{closure}(Object(Illuminate\Http\Request))
#6 D:\xampp\htdocs\comco\ver91_dinesh\vendor\compiled.php(8952): call_user_func(Object(Closure), Object(Illuminate\Http\Request))
#7 D:\xampp\htdocs\comco\ver91_dinesh\app\Http\Middleware\SalesAuthenticate.php(41): Illuminate\Pipeline\Pipeline->Illuminate\Pipeline\{closure}(Object(Illuminate\Http\Request))
#8 D:\xampp\htdocs\comco\ver91_dinesh\vendor\compiled.php(8944): App\Http\Middleware\SalesAuthenticate->handle(Object(Illuminate\Http\Request), Object(Closure))
#9 [internal function]: Illuminate\Pipeline\Pipeline->Illuminate\Pipeline\{closure}(Object(Illuminate\Http\Request))
#10 D:\xampp\htdocs\comco\ver91_dinesh\vendor\compiled.php(8935): call_user_func(Object(Closure), Object(Illuminate\Http\Request))
#11 D:\xampp\htdocs\comco\ver91_dinesh\vendor\compiled.php(8334): Illuminate\Pipeline\Pipeline->then(Object(Closure))
#12 D:\xampp\htdocs\comco\ver91_dinesh\vendor\compiled.php(8320): Illuminate\Routing\ControllerDispatcher->callWithinStack(Object(App\Http\Controllers\sales\AccessoriesController), Object(Illuminate\Routing\Route), Object(Illuminate\Http\Request), 'orderconfirm')
#13 D:\xampp\htdocs\comco\ver91_dinesh\vendor\compiled.php(7317): Illuminate\Routing\ControllerDispatcher->dispatch(Object(Illuminate\Routing\Route), Object(Illuminate\Http\Request), 'App\\Http\\Contro...', 'orderconfirm')
#14 D:\xampp\htdocs\comco\ver91_dinesh\vendor\compiled.php(7288): Illuminate\Routing\Route->runWithCustomDispatcher(Object(Illuminate\Http\Request))
#15 D:\xampp\htdocs\comco\ver91_dinesh\vendor\compiled.php(6954): Illuminate\Routing\Route->run(Object(Illuminate\Http\Request))
#16 [internal function]: Illuminate\Routing\Router->Illuminate\Routing\{closure}(Object(Illuminate\Http\Request))
#17 D:\xampp\htdocs\comco\ver91_dinesh\vendor\compiled.php(8952): call_user_func(Object(Closure), Object(Illuminate\Http\Request))
#18 [internal function]: Illuminate\Pipeline\Pipeline->Illuminate\Pipeline\{closure}(Object(Illuminate\Http\Request))
#19 D:\xampp\htdocs\comco\ver91_dinesh\vendor\compiled.php(8935): call_user_func(Object(Closure), Object(Illuminate\Http\Request))
#20 D:\xampp\htdocs\comco\ver91_dinesh\vendor\compiled.php(6955): Illuminate\Pipeline\Pipeline->then(Object(Closure))
#21 D:\xampp\htdocs\comco\ver91_dinesh\vendor\compiled.php(6944): Illuminate\Routing\Router->runRouteWithinStack(Object(Illuminate\Routing\Route), Object(Illuminate\Http\Request))
#22 D:\xampp\htdocs\comco\ver91_dinesh\vendor\compiled.php(6929): Illuminate\Routing\Router->dispatchToRoute(Object(Illuminate\Http\Request))
#23 D:\xampp\htdocs\comco\ver91_dinesh\vendor\compiled.php(1935): Illuminate\Routing\Router->dispatch(Object(Illuminate\Http\Request))
#24 [internal function]: Illuminate\Foundation\Http\Kernel->Illuminate\Foundation\Http\{closure}(Object(Illuminate\Http\Request))
#25 D:\xampp\htdocs\comco\ver91_dinesh\vendor\compiled.php(8952): call_user_func(Object(Closure), Object(Illuminate\Http\Request))
#26 D:\xampp\htdocs\comco\ver91_dinesh\vendor\compiled.php(12083): Illuminate\Pipeline\Pipeline->Illuminate\Pipeline\{closure}(Object(Illuminate\Http\Request))
#27 D:\xampp\htdocs\comco\ver91_dinesh\vendor\compiled.php(8944): Illuminate\View\Middleware\ShareErrorsFromSession->handle(Object(Illuminate\Http\Request), Object(Closure))
#28 D:\xampp\htdocs\comco\ver91_dinesh\vendor\compiled.php(10785): Illuminate\Pipeline\Pipeline->Illuminate\Pipeline\{closure}(Object(Illuminate\Http\Request))
#29 D:\xampp\htdocs\comco\ver91_dinesh\vendor\compiled.php(8944): Illuminate\Session\Middleware\StartSession->handle(Object(Illuminate\Http\Request), Object(Closure))
#30 D:\xampp\htdocs\comco\ver91_dinesh\vendor\compiled.php(11789): Illuminate\Pipeline\Pipeline->Illuminate\Pipeline\{closure}(Object(Illuminate\Http\Request))
#31 D:\xampp\htdocs\comco\ver91_dinesh\vendor\compiled.php(8944): Illuminate\Cookie\Middleware\AddQueuedCookiesToResponse->handle(Object(Illuminate\Http\Request), Object(Closure))
#32 D:\xampp\htdocs\comco\ver91_dinesh\vendor\compiled.php(11738): Illuminate\Pipeline\Pipeline->Illuminate\Pipeline\{closure}(Object(Illuminate\Http\Request))
#33 D:\xampp\htdocs\comco\ver91_dinesh\vendor\compiled.php(8944): Illuminate\Cookie\Middleware\EncryptCookies->handle(Object(Illuminate\Http\Request), Object(Closure))
#34 D:\xampp\htdocs\comco\ver91_dinesh\vendor\compiled.php(2478): Illuminate\Pipeline\Pipeline->Illuminate\Pipeline\{closure}(Object(Illuminate\Http\Request))
#35 D:\xampp\htdocs\comco\ver91_dinesh\vendor\compiled.php(8944): Illuminate\Foundation\Http\Middleware\CheckForMaintenanceMode->handle(Object(Illuminate\Http\Request), Object(Closure))
#36 [internal function]: Illuminate\Pipeline\Pipeline->Illuminate\Pipeline\{closure}(Object(Illuminate\Http\Request))
#37 D:\xampp\htdocs\comco\ver91_dinesh\vendor\compiled.php(8935): call_user_func(Object(Closure), Object(Illuminate\Http\Request))
#38 D:\xampp\htdocs\comco\ver91_dinesh\vendor\compiled.php(1891): Illuminate\Pipeline\Pipeline->then(Object(Closure))
#39 D:\xampp\htdocs\comco\ver91_dinesh\vendor\compiled.php(1880): Illuminate\Foundation\Http\Kernel->sendRequestThroughRouter(Object(Illuminate\Http\Request))
#40 D:\xampp\htdocs\comco\ver91_dinesh\index.php(53): Illuminate\Foundation\Http\Kernel->handle(Object(Illuminate\Http\Request))
#41 {main}  
[2020-07-10 12:21:13] local.ERROR: exception 'ErrorException' with message 'Undefined variable: coupon_details' in D:\xampp\htdocs\comco\ver91_dinesh\app\Http\Controllers\sales\AccessoriesController.php:372
Stack trace:
#0 D:\xampp\htdocs\comco\ver91_dinesh\app\Http\Controllers\sales\AccessoriesController.php(372): Illuminate\Foundation\Bootstrap\HandleExceptions->handleError(8, 'Undefined varia...', 'D:\\xampp\\htdocs...', 372, Array)
#1 [internal function]: App\Http\Controllers\sales\AccessoriesController->orderconfirm()
#2 D:\xampp\htdocs\comco\ver91_dinesh\vendor\compiled.php(8287): call_user_func_array(Array, Array)
#3 D:\xampp\htdocs\comco\ver91_dinesh\vendor\compiled.php(8354): Illuminate\Routing\Controller->callAction('orderconfirm', Array)
#4 D:\xampp\htdocs\comco\ver91_dinesh\vendor\compiled.php(8333): Illuminate\Routing\ControllerDispatcher->call(Object(App\Http\Controllers\sales\AccessoriesController), Object(Illuminate\Routing\Route), 'orderconfirm')
#5 [internal function]: Illuminate\Routing\ControllerDispatcher->Illuminate\Routing\{closure}(Object(Illuminate\Http\Request))
#6 D:\xampp\htdocs\comco\ver91_dinesh\vendor\compiled.php(8952): call_user_func(Object(Closure), Object(Illuminate\Http\Request))
#7 D:\xampp\htdocs\comco\ver91_dinesh\app\Http\Middleware\SalesAuthenticate.php(41): Illuminate\Pipeline\Pipeline->Illuminate\Pipeline\{closure}(Object(Illuminate\Http\Request))
#8 D:\xampp\htdocs\comco\ver91_dinesh\vendor\compiled.php(8944): App\Http\Middleware\SalesAuthenticate->handle(Object(Illuminate\Http\Request), Object(Closure))
#9 [internal function]: Illuminate\Pipeline\Pipeline->Illuminate\Pipeline\{closure}(Object(Illuminate\Http\Request))
#10 D:\xampp\htdocs\comco\ver91_dinesh\vendor\compiled.php(8935): call_user_func(Object(Closure), Object(Illuminate\Http\Request))
#11 D:\xampp\htdocs\comco\ver91_dinesh\vendor\compiled.php(8334): Illuminate\Pipeline\Pipeline->then(Object(Closure))
#12 D:\xampp\htdocs\comco\ver91_dinesh\vendor\compiled.php(8320): Illuminate\Routing\ControllerDispatcher->callWithinStack(Object(App\Http\Controllers\sales\AccessoriesController), Object(Illuminate\Routing\Route), Object(Illuminate\Http\Request), 'orderconfirm')
#13 D:\xampp\htdocs\comco\ver91_dinesh\vendor\compiled.php(7317): Illuminate\Routing\ControllerDispatcher->dispatch(Object(Illuminate\Routing\Route), Object(Illuminate\Http\Request), 'App\\Http\\Contro...', 'orderconfirm')
#14 D:\xampp\htdocs\comco\ver91_dinesh\vendor\compiled.php(7288): Illuminate\Routing\Route->runWithCustomDispatcher(Object(Illuminate\Http\Request))
#15 D:\xampp\htdocs\comco\ver91_dinesh\vendor\compiled.php(6954): Illuminate\Routing\Route->run(Object(Illuminate\Http\Request))
#16 [internal function]: Illuminate\Routing\Router->Illuminate\Routing\{closure}(Object(Illuminate\Http\Request))
#17 D:\xampp\htdocs\comco\ver91_dinesh\vendor\compiled.php(8952): call_user_func(Object(Closure), Object(Illuminate\Http\Request))
#18 [internal function]: Illuminate\Pipeline\Pipeline->Illuminate\Pipeline\{closure}(Object(Illuminate\Http\Request))
#19 D:\xampp\htdocs\comco\ver91_dinesh\vendor\compiled.php(8935): call_user_func(Object(Closure), Object(Illuminate\Http\Request))
#20 D:\xampp\htdocs\comco\ver91_dinesh\vendor\compiled.php(6955): Illuminate\Pipeline\Pipeline->then(Object(Closure))
#21 D:\xampp\htdocs\comco\ver91_dinesh\vendor\compiled.php(6944): Illuminate\Routing\Router->runRouteWithinStack(Object(Illuminate\Routing\Route), Object(Illuminate\Http\Request))
#22 D:\xampp\htdocs\comco\ver91_dinesh\vendor\compiled.php(6929): Illuminate\Routing\Router->dispatchToRoute(Object(Illuminate\Http\Request))
#23 D:\xampp\htdocs\comco\ver91_dinesh\vendor\compiled.php(1935): Illuminate\Routing\Router->dispatch(Object(Illuminate\Http\Request))
#24 [internal function]: Illuminate\Foundation\Http\Kernel->Illuminate\Foundation\Http\{closure}(Object(Illuminate\Http\Request))
#25 D:\xampp\htdocs\comco\ver91_dinesh\vendor\compiled.php(8952): call_user_func(Object(Closure), Object(Illuminate\Http\Request))
#26 D:\xampp\htdocs\comco\ver91_dinesh\vendor\compiled.php(12083): Illuminate\Pipeline\Pipeline->Illuminate\Pipeline\{closure}(Object(Illuminate\Http\Request))
#27 D:\xampp\htdocs\comco\ver91_dinesh\vendor\compiled.php(8944): Illuminate\View\Middleware\ShareErrorsFromSession->handle(Object(Illuminate\Http\Request), Object(Closure))
#28 D:\xampp\htdocs\comco\ver91_dinesh\vendor\compiled.php(10785): Illuminate\Pipeline\Pipeline->Illuminate\Pipeline\{closure}(Object(Illuminate\Http\Request))
#29 D:\xampp\htdocs\comco\ver91_dinesh\vendor\compiled.php(8944): Illuminate\Session\Middleware\StartSession->handle(Object(Illuminate\Http\Request), Object(Closure))
#30 D:\xampp\htdocs\comco\ver91_dinesh\vendor\compiled.php(11789): Illuminate\Pipeline\Pipeline->Illuminate\Pipeline\{closure}(Object(Illuminate\Http\Request))
#31 D:\xampp\htdocs\comco\ver91_dinesh\vendor\compiled.php(8944): Illuminate\Cookie\Middleware\AddQueuedCookiesToResponse->handle(Object(Illuminate\Http\Request), Object(Closure))
#32 D:\xampp\htdocs\comco\ver91_dinesh\vendor\compiled.php(11738): Illuminate\Pipeline\Pipeline->Illuminate\Pipeline\{closure}(Object(Illuminate\Http\Request))
#33 D:\xampp\htdocs\comco\ver91_dinesh\vendor\compiled.php(8944): Illuminate\Cookie\Middleware\EncryptCookies->handle(Object(Illuminate\Http\Request), Object(Closure))
#34 D:\xampp\htdocs\comco\ver91_dinesh\vendor\compiled.php(2478): Illuminate\Pipeline\Pipeline->Illuminate\Pipeline\{closure}(Object(Illuminate\Http\Request))
#35 D:\xampp\htdocs\comco\ver91_dinesh\vendor\compiled.php(8944): Illuminate\Foundation\Http\Middleware\CheckForMaintenanceMode->handle(Object(Illuminate\Http\Request), Object(Closure))
#36 [internal function]: Illuminate\Pipeline\Pipeline->Illuminate\Pipeline\{closure}(Object(Illuminate\Http\Request))
#37 D:\xampp\htdocs\comco\ver91_dinesh\vendor\compiled.php(8935): call_user_func(Object(Closure), Object(Illuminate\Http\Request))
#38 D:\xampp\htdocs\comco\ver91_dinesh\vendor\compiled.php(1891): Illuminate\Pipeline\Pipeline->then(Object(Closure))
#39 D:\xampp\htdocs\comco\ver91_dinesh\vendor\compiled.php(1880): Illuminate\Foundation\Http\Kernel->sendRequestThroughRouter(Object(Illuminate\Http\Request))
#40 D:\xampp\htdocs\comco\ver91_dinesh\index.php(53): Illuminate\Foundation\Http\Kernel->handle(Object(Illuminate\Http\Request))
#41 {main}  
[2020-07-10 12:46:45] local.ERROR: exception 'Symfony\Component\Debug\Exception\FatalErrorException' with message 'syntax error, unexpected '}', expecting ',' or ';'' in D:\xampp\htdocs\comco\ver91_dinesh\storage\framework\views\fb3fac5f6839bafe3dab23a71d65a366:72
Stack trace:
#0 {main}  
